2024-08-01 23:44:59 INFO: Команда setlogchannel.mjs успешно добавлена для регистрации.
2024-08-01 23:44:59 INFO: Начинается регистрация (загрузка) слэш-команд.
2024-08-01 23:44:59 INFO: Слэш-команды успешно зарегистрированы.
2024-08-01 23:47:30 ERROR: Ошибка при загрузке команды ban.mjs: require is not defined in ES module scope, you can use import instead
2024-08-01 23:47:30 ERROR: Ошибка при загрузке команды kick.mjs: require is not defined in ES module scope, you can use import instead
2024-08-01 23:47:30 INFO: Команда mute.mjs успешно добавлена для регистрации.
2024-08-01 23:47:30 INFO: Команда setlogchannel.mjs успешно добавлена для регистрации.
с
2024-08-01 23:47:30 INFO: Начинается регистрация (загрузка) слэш-команд.
2024-08-01 23:47:30 INFO: Слэш-команды успешно зарегистрированы.
2024-08-01 23:49:01 ERROR: Ошибка при загрузке команды ban.mjs: require is not defined in ES module scope, you can use import instead
2024-08-01 23:49:01 ERROR: Ошибка при загрузке команды kick.mjs: require is not defined in ES module scope, you can use import instead
2024-08-01 23:49:01 INFO: Команда mute.mjs успешно добавлена для регистрации.
2024-08-01 23:49:01 INFO: Команда setlogchannel.mjs успешно добавлена для регистрации.
2024-08-01 23:49:01 INFO: Команда unban.mjs успешно добавлена для регистрации.
2024-08-01 23:49:01 INFO: Команда unmute.mjs успешно добавлена для регистрации.
2024-08-01 23:49:01 INFO: Начинается регистрация (загрузка) слэш-команд.
2024-08-01 23:49:01 INFO: Слэш-команды успешно зарегистрированы.
2024-08-01 23:51:07 INFO: Команда ban.mjs успешно добавлена для регистрации.
2024-08-01 23:51:07 INFO: Команда kick.mjs успешно добавлена для регистрации.
2024-08-01 23:51:07 INFO: Команда mute.mjs успешно добавлена для регистрации.
2024-08-01 23:51:07 INFO: Команда setlogchannel.mjs успешно добавлена для регистрации.
2024-08-01 23:51:07 INFO: Команда unban.mjs успешно добавлена для регистрации.
2024-08-01 23:51:07 INFO: Команда unmute.mjs успешно добавлена для регистрации.
2024-08-01 23:51:07 INFO: Начинается регистрация (загрузка) слэш-команд.
2024-08-01 23:51:07 INFO: Слэш-команды успешно зарегистрированы.
2024-08-01 23:53:39 INFO: Команда ban.mjs успешно добавлена для регистрации.
2024-08-01 23:53:39 INFO: Команда kick.mjs успешно добавлена для регистрации.
2024-08-01 23:53:39 INFO: Команда mute.mjs успешно добавлена для регистрации.
2024-08-01 23:53:39 INFO: Команда setlogchannel.mjs успешно добавлена для регистрации.
2024-08-01 23:53:39 INFO: Команда unban.mjs успешно добавлена для регистрации.
2024-08-01 23:53:39 INFO: Команда unmute.mjs успешно добавлена для регистрации.
2024-08-01 23:53:39 INFO: Начинается регистрация (загрузка) слэш-команд.
2024-08-01 23:53:40 INFO: Слэш-команды успешно зарегистрированы.
2024-08-01 23:59:05 INFO: Команда ban.mjs успешно добавлена для регистрации.
2024-08-01 23:59:05 INFO: Команда kick.mjs успешно добавлена для регистрации.
2024-08-01 23:59:05 INFO: Команда mute.mjs успешно добавлена для регистрации.
2024-08-01 23:59:05 INFO: Команда setlogchannel.mjs успешно добавлена для регистрации.
2024-08-01 23:59:05 INFO: Команда unban.mjs успешно добавлена для регистрации.
2024-08-01 23:59:05 INFO: Команда unmute.mjs успешно добавлена для регистрации.
2024-08-01 23:59:05 INFO: Начинается регистрация (загрузка) слэш-команд.
2024-08-01 23:59:05 INFO: Слэш-команды успешно зарегистрированы.
2024-08-02 00:01:45 INFO: Команда ban.mjs успешно добавлена для регистрации.
2024-08-02 00:01:45 INFO: Команда kick.mjs успешно добавлена для регистрации.
2024-08-02 00:01:45 INFO: Команда mute.mjs успешно добавлена для регистрации.
2024-08-02 00:01:45 INFO: Команда setlogchannel.mjs успешно добавлена для регистрации.
2024-08-02 00:01:45 INFO: Команда unban.mjs успешно добавлена для регистрации.
2024-08-02 00:01:45 INFO: Команда unmute.mjs успешно добавлена для регистрации.
2024-08-02 00:01:45 INFO: Начинается регистрация (загрузка) слэш-команд.
2024-08-02 00:01:46 INFO: Слэш-команды успешно зарегистрированы.
2024-08-02 00:02:36 INFO: Команда ban.mjs успешно добавлена для регистрации.
2024-08-02 00:02:36 INFO: Команда kick.mjs успешно добавлена для регистрации.
2024-08-02 00:02:36 INFO: Команда mute.mjs успешно добавлена для регистрации.
2024-08-02 00:02:36 INFO: Команда setlogchannel.mjs успешно добавлена для регистрации.
2024-08-02 00:02:36 INFO: Команда unban.mjs успешно добавлена для регистрации.
2024-08-02 00:02:36 INFO: Команда unmute.mjs успешно добавлена для регистрации.
2024-08-02 00:02:36 INFO: Начинается регистрация (загрузка) слэш-команд.
2024-08-02 00:02:37 INFO: Слэш-команды успешно зарегистрированы.
2024-08-02 00:03:01 INFO: Команда ban.mjs успешно добавлена для регистрации.
2024-08-02 00:03:01 INFO: Команда kick.mjs успешно добавлена для регистрации.
2024-08-02 00:03:01 INFO: Команда mute.mjs успешно добавлена для регистрации.
2024-08-02 00:03:01 INFO: Команда setlogchannel.mjs успешно добавлена для регистрации.
2024-08-02 00:03:01 INFO: Команда unban.mjs успешно добавлена для регистрации.
2024-08-02 00:03:01 INFO: Команда unmute.mjs успешно добавлена для регистрации.
2024-08-02 00:03:01 INFO: Начинается регистрация (загрузка) слэш-команд.
2024-08-02 00:03:01 INFO: Слэш-команды успешно зарегистрированы.
2024-08-02 00:05:29 INFO: Команда ban.mjs успешно добавлена для регистрации.
2024-08-02 00:05:29 INFO: Команда kick.mjs успешно добавлена для регистрации.
2024-08-02 00:05:29 INFO: Команда mute.mjs успешно добавлена для регистрации.
2024-08-02 00:05:29 INFO: Команда setlogchannel.mjs успешно добавлена для регистрации.
2024-08-02 00:05:29 INFO: Команда unban.mjs успешно добавлена для регистрации.
2024-08-02 00:05:29 INFO: Команда unmute.mjs успешно добавлена для регистрации.
2024-08-02 00:05:29 INFO: Начинается регистрация (загрузка) слэш-команд.
2024-08-02 00:05:30 INFO: Слэш-команды успешно зарегистрированы.
2024-08-02 00:09:05 INFO: Команда ban.mjs успешно добавлена для регистрации.
2024-08-02 00:09:05 INFO: Команда kick.mjs успешно добавлена для регистрации.
2024-08-02 00:09:05 INFO: Команда mute.mjs успешно добавлена для регистрации.
2024-08-02 00:09:05 INFO: Команда setlogchannel.mjs успешно добавлена для регистрации.
2024-08-02 00:09:05 INFO: Команда unban.mjs успешно добавлена для регистрации.
2024-08-02 00:09:05 INFO: Команда unmute.mjs успешно добавлена для регистрации.
2024-08-02 00:09:05 INFO: Начинается регистрация (загрузка) слэш-команд.
2024-08-02 00:09:06 INFO: Слэш-команды успешно зарегистрированы.
2024-08-02 00:14:40 INFO: Команда ban.mjs успешно добавлена для регистрации.
2024-08-02 00:14:40 INFO: Команда kick.mjs успешно добавлена для регистрации.
2024-08-02 00:14:40 INFO: Команда mute.mjs успешно добавлена для регистрации.
2024-08-02 00:14:40 INFO: Команда setlogchannel.mjs успешно добавлена для регистрации.
2024-08-02 00:14:40 INFO: Команда unban.mjs успешно добавлена для регистрации.
2024-08-02 00:14:40 INFO: Команда unmute.mjs успешно добавлена для регистрации.
2024-08-02 00:14:40 INFO: Начинается регистрация (загрузка) слэш-команд.
2024-08-02 00:14:40 INFO: Слэш-команды успешно зарегистрированы.
2024-08-02 00:16:21 INFO: Команда ban.mjs успешно добавлена для регистрации.
2024-08-02 00:16:21 INFO: Команда kick.mjs успешно добавлена для регистрации.
2024-08-02 00:16:21 INFO: Команда mute.mjs успешно добавлена для регистрации.
2024-08-02 00:16:21 INFO: Команда setlogchannel.mjs успешно добавлена для регистрации.
2024-08-02 00:16:21 INFO: Команда unban.mjs успешно добавлена для регистрации.
2024-08-02 00:16:21 INFO: Команда unmute.mjs успешно добавлена для регистрации.
2024-08-02 00:16:21 INFO: Начинается регистрация (загрузка) слэш-команд.
2024-08-02 00:16:21 INFO: Слэш-команды успешно зарегистрированы.
2024-08-02 00:18:30 INFO: Команда ban.mjs успешно добавлена для регистрации.
2024-08-02 00:18:30 INFO: Команда kick.mjs успешно добавлена для регистрации.
2024-08-02 00:18:30 INFO: Команда mute.mjs успешно добавлена для регистрации.
2024-08-02 00:18:30 INFO: Команда setlogchannel.mjs успешно добавлена для регистрации.
2024-08-02 00:18:30 INFO: Команда unban.mjs успешно добавлена для регистрации.
2024-08-02 00:18:30 INFO: Команда unmute.mjs успешно добавлена для регистрации.
2024-08-02 00:18:30 INFO: Начинается регистрация (загрузка) слэш-команд.
2024-08-02 00:18:31 INFO: Слэш-команды успешно зарегистрированы.
2024-08-02 00:20:04 INFO: Команда ban.mjs успешно добавлена для регистрации.
2024-08-02 00:20:04 INFO: Команда kick.mjs успешно добавлена для регистрации.
2024-08-02 00:20:04 INFO: Команда mute.mjs успешно добавлена для регистрации.
2024-08-02 00:20:04 INFO: Команда setlogchannel.mjs успешно добавлена для регистрации.
2024-08-02 00:20:04 INFO: Команда unban.mjs успешно добавлена для регистрации.
2024-08-02 00:20:04 INFO: Команда unmute.mjs успешно добавлена для регистрации.
2024-08-02 00:20:04 INFO: Начинается регистрация (загрузка) слэш-команд.
2024-08-02 00:20:04 INFO: Слэш-команды успешно зарегистрированы.
2024-08-02 00:25:16 INFO: Команда ban.mjs успешно добавлена для регистрации.
2024-08-02 00:25:16 INFO: Команда kick.mjs успешно добавлена для регистрации.
2024-08-02 00:25:16 ERROR: Ошибка при загрузке команды mute.mjs: Invalid string format
2024-08-02 00:25:16 INFO: Команда setlogchannel.mjs успешно добавлена для регистрации.
2024-08-02 00:25:16 INFO: Команда unban.mjs успешно добавлена для регистрации.
2024-08-02 00:25:16 INFO: Команда unmute.mjs успешно добавлена для регистрации.
2024-08-02 00:25:16 INFO: Начинается регистрация (загрузка) слэш-команд.
2024-08-02 00:25:17 INFO: Слэш-команды успешно зарегистрированы.
2024-08-02 00:25:53 INFO: Команда ban.mjs успешно добавлена для регистрации.
2024-08-02 00:25:53 INFO: Команда kick.mjs успешно добавлена для регистрации.
2024-08-02 00:25:53 INFO: Команда mute.mjs успешно добавлена для регистрации.
2024-08-02 00:25:53 INFO: Команда setlogchannel.mjs успешно добавлена для регистрации.
2024-08-02 00:25:53 INFO: Команда unban.mjs успешно добавлена для регистрации.
2024-08-02 00:25:53 INFO: Команда unmute.mjs успешно добавлена для регистрации.
2024-08-02 00:25:53 INFO: Начинается регистрация (загрузка) слэш-команд.
2024-08-02 00:25:53 ERROR: Ошибка при регистрации слэш-команд: Invalid Form Body
5[APPLICATION_COMMANDS_DUPLICATE_NAME]: Application command names must be unique
2024-08-02 00:26:57 INFO: Команда ban.mjs успешно добавлена для регистрации.
2024-08-02 00:26:57 INFO: Команда kick.mjs успешно добавлена для регистрации.
2024-08-02 00:26:57 INFO: Команда mute.mjs успешно добавлена для регистрации.
2024-08-02 00:26:57 INFO: Команда setlogchannel.mjs успешно добавлена для регистрации.
2024-08-02 00:26:57 INFO: Команда unban.mjs успешно добавлена для регистрации.
2024-08-02 00:26:57 INFO: Команда unmute.mjs успешно добавлена для регистрации.
2024-08-02 00:26:57 INFO: Начинается регистрация (загрузка) слэш-команд.
2024-08-02 00:26:57 ERROR: Ошибка при регистрации слэш-команд: Invalid Form Body
5[APPLICATION_COMMANDS_DUPLICATE_NAME]: Application command names must be unique
2024-08-02 00:27:25 INFO: Команда ban.mjs успешно добавлена для регистрации.
2024-08-02 00:27:25 INFO: Команда kick.mjs успешно добавлена для регистрации.
2024-08-02 00:27:25 INFO: Команда mute.mjs успешно добавлена для регистрации.
2024-08-02 00:27:25 INFO: Команда setlogchannel.mjs успешно добавлена для регистрации.
2024-08-02 00:27:25 INFO: Команда unban.mjs успешно добавлена для регистрации.
2024-08-02 00:27:25 INFO: Команда unmute.mjs успешно добавлена для регистрации.
2024-08-02 00:27:25 INFO: Начинается регистрация (загрузка) слэш-команд.
2024-08-02 00:27:25 ERROR: Ошибка при регистрации слэш-команд: Invalid Form Body
5[APPLICATION_COMMANDS_DUPLICATE_NAME]: Application command names must be unique
2024-08-02 00:30:09 INFO: Команда ban.mjs успешно добавлена для регистрации.
2024-08-02 00:30:09 INFO: Команда kick.mjs успешно добавлена для регистрации.
2024-08-02 00:30:09 INFO: Команда mute.mjs успешно добавлена для регистрации.
2024-08-02 00:30:09 INFO: Команда setlogchannel.mjs успешно добавлена для регистрации.
2024-08-02 00:30:09 INFO: Команда unban.mjs успешно добавлена для регистрации.
2024-08-02 00:30:09 INFO: Команда unmute.mjs успешно добавлена для регистрации.
2024-08-02 00:30:09 INFO: Начинается регистрация (загрузка) слэш-команд.
2024-08-02 00:30:09 INFO: Слэш-команды успешно зарегистрированы.
2024-08-02 00:31:02 INFO: Команда ban.mjs успешно добавлена для регистрации.
2024-08-02 00:31:02 INFO: Команда kick.mjs успешно добавлена для регистрации.
2024-08-02 00:31:02 INFO: Команда mute.mjs успешно добавлена для регистрации.
2024-08-02 00:31:02 INFO: Команда setlogchannel.mjs успешно добавлена для регистрации.
2024-08-02 00:31:02 INFO: Команда unban.mjs успешно добавлена для регистрации.
2024-08-02 00:31:02 INFO: Команда unmute.mjs успешно добавлена для регистрации.
2024-08-02 00:31:02 INFO: Начинается регистрация (загрузка) слэш-команд.
2024-08-02 00:31:02 INFO: Слэш-команды успешно зарегистрированы.
2024-08-02 00:31:18 INFO: Команда ban.mjs успешно добавлена для регистрации.
2024-08-02 00:31:18 INFO: Команда kick.mjs успешно добавлена для регистрации.
2024-08-02 00:31:18 INFO: Команда mute.mjs успешно добавлена для регистрации.
2024-08-02 00:31:18 INFO: Команда setlogchannel.mjs успешно добавлена для регистрации.
2024-08-02 00:31:18 INFO: Команда unban.mjs успешно добавлена для регистрации.
2024-08-02 00:31:18 INFO: Команда unmute.mjs успешно добавлена для регистрации.
2024-08-02 00:31:18 INFO: Начинается регистрация (загрузка) слэш-команд.
2024-08-02 00:31:18 INFO: Слэш-команды успешно зарегистрированы.
2024-08-02 00:34:01 INFO: Команда ban.mjs успешно добавлена для регистрации.
2024-08-02 00:34:01 INFO: Команда kick.mjs успешно добавлена для регистрации.
2024-08-02 00:34:01 INFO: Команда mute.mjs успешно добавлена для регистрации.
2024-08-02 00:34:01 INFO: Команда setlogchannel.mjs успешно добавлена для регистрации.
2024-08-02 00:34:01 INFO: Команда unban.mjs успешно добавлена для регистрации.
2024-08-02 00:34:01 INFO: Команда unmute.mjs успешно добавлена для регистрации.
2024-08-02 00:34:01 INFO: Начинается регистрация (загрузка) слэш-команд.
2024-08-02 00:34:02 INFO: Слэш-команды успешно зарегистрированы.
2024-08-02 00:35:01 INFO: Команда ban.mjs успешно добавлена для регистрации.
2024-08-02 00:35:01 INFO: Команда kick.mjs успешно добавлена для регистрации.
2024-08-02 00:35:01 INFO: Команда mute.mjs успешно добавлена для регистрации.
2024-08-02 00:35:01 INFO: Команда setlogchannel.mjs успешно добавлена для регистрации.
2024-08-02 00:35:01 INFO: Команда unban.mjs успешно добавлена для регистрации.
2024-08-02 00:35:01 INFO: Команда unmute.mjs успешно добавлена для регистрации.
2024-08-02 00:35:01 INFO: Начинается регистрация (загрузка) слэш-команд.
2024-08-02 00:35:01 INFO: Слэш-команды успешно зарегистрированы.
2024-08-02 00:38:51 INFO: Команда ban.mjs успешно добавлена для регистрации.
2024-08-02 00:38:51 INFO: Команда kick.mjs успешно добавлена для регистрации.
2024-08-02 00:38:51 INFO: Команда mute.mjs успешно добавлена для регистрации.
2024-08-02 00:38:51 INFO: Команда setlogchannel.mjs успешно добавлена для регистрации.
2024-08-02 00:38:51 INFO: Команда unban.mjs успешно добавлена для регистрации.
2024-08-02 00:38:51 INFO: Команда unmute.mjs успешно добавлена для регистрации.
2024-08-02 00:38:51 INFO: Начинается регистрация (загрузка) слэш-команд.
2024-08-02 00:38:52 INFO: Слэш-команды успешно зарегистрированы.
2024-08-02 00:43:23 INFO: Команда ban.mjs успешно добавлена для регистрации.
2024-08-02 00:43:23 INFO: Команда bug.mjs успешно добавлена для регистрации.
2024-08-02 00:43:23 INFO: Команда kick.mjs успешно добавлена для регистрации.
2024-08-02 00:43:23 INFO: Команда mute.mjs успешно добавлена для регистрации.
2024-08-02 00:43:23 INFO: Команда setlogchannel.mjs успешно добавлена для регистрации.
2024-08-02 00:43:23 INFO: Команда unban.mjs успешно добавлена для регистрации.
2024-08-02 00:43:23 INFO: Команда unmute.mjs успешно добавлена для регистрации.
2024-08-02 00:43:23 INFO: Начинается регистрация (загрузка) слэш-команд.
2024-08-02 00:43:24 INFO: Слэш-команды успешно зарегистрированы.
2024-08-02 00:46:46 INFO: Команда ban.mjs успешно добавлена для регистрации.
2024-08-02 00:46:46 INFO: Команда bug.mjs успешно добавлена для регистрации.
2024-08-02 00:46:46 INFO: Команда kick.mjs успешно добавлена для регистрации.
2024-08-02 00:46:46 INFO: Команда mute.mjs успешно добавлена для регистрации.
2024-08-02 00:46:46 INFO: Команда setlogchannel.mjs успешно добавлена для регистрации.
2024-08-02 00:46:46 INFO: Команда unban.mjs успешно добавлена для регистрации.
2024-08-02 00:46:46 INFO: Команда unmute.mjs успешно добавлена для регистрации.
2024-08-02 00:46:46 INFO: Начинается регистрация (загрузка) слэш-команд.
2024-08-02 00:46:46 INFO: Слэш-команды успешно зарегистрированы.
2024-08-02 00:48:22 INFO: Команда ban.mjs успешно добавлена для регистрации.
2024-08-02 00:48:22 INFO: Команда bug.mjs успешно добавлена для регистрации.
2024-08-02 00:48:22 INFO: Команда kick.mjs успешно добавлена для регистрации.
2024-08-02 00:48:22 INFO: Команда mute.mjs успешно добавлена для регистрации.
2024-08-02 00:48:22 INFO: Команда setlogchannel.mjs успешно добавлена для регистрации.
2024-08-02 00:48:22 INFO: Команда unban.mjs успешно добавлена для регистрации.
2024-08-02 00:48:22 INFO: Команда unmute.mjs успешно добавлена для регистрации.
2024-08-02 00:48:22 INFO: Начинается регистрация (загрузка) слэш-команд.
2024-08-02 00:48:22 INFO: Слэш-команды успешно зарегистрированы.
2024-08-02 00:49:48 INFO: Команда ban.mjs успешно добавлена для регистрации.
2024-08-02 00:49:48 INFO: Команда bug.mjs успешно добавлена для регистрации.
2024-08-02 00:49:48 INFO: Команда kick.mjs успешно добавлена для регистрации.
2024-08-02 00:49:48 INFO: Команда mute.mjs успешно добавлена для регистрации.
2024-08-02 00:49:48 INFO: Команда setlogchannel.mjs успешно добавлена для регистрации.
2024-08-02 00:49:48 INFO: Команда unban.mjs успешно добавлена для регистрации.
2024-08-02 00:49:48 INFO: Команда unmute.mjs успешно добавлена для регистрации.
2024-08-02 00:49:48 INFO: Начинается регистрация (загрузка) слэш-команд.
2024-08-02 00:49:49 INFO: Слэш-команды успешно зарегистрированы.
2024-08-02 00:55:08 INFO: Команда ban.mjs успешно добавлена для регистрации.
2024-08-02 00:55:08 INFO: Команда bug.mjs успешно добавлена для регистрации.
2024-08-02 00:55:08 INFO: Команда kick.mjs успешно добавлена для регистрации.
2024-08-02 00:55:08 INFO: Команда mute.mjs успешно добавлена для регистрации.
2024-08-02 00:55:08 INFO: Команда setlogchannel.mjs успешно добавлена для регистрации.
2024-08-02 00:55:08 INFO: Команда unban.mjs успешно добавлена для регистрации.
2024-08-02 00:55:08 INFO: Команда unmute.mjs успешно добавлена для регистрации.
2024-08-02 00:55:08 INFO: Начинается регистрация (загрузка) слэш-команд.
2024-08-02 00:55:09 INFO: Слэш-команды успешно зарегистрированы.
2024-08-02 00:56:29 INFO: Команда ban.mjs успешно добавлена для регистрации.
2024-08-02 00:56:29 INFO: Команда bug.mjs успешно добавлена для регистрации.
2024-08-02 00:56:29 INFO: Команда kick.mjs успешно добавлена для регистрации.
2024-08-02 00:56:29 INFO: Команда mute.mjs успешно добавлена для регистрации.
2024-08-02 00:56:29 INFO: Команда setlogchannel.mjs успешно добавлена для регистрации.
2024-08-02 00:56:29 INFO: Команда unban.mjs успешно добавлена для регистрации.
2024-08-02 00:56:29 INFO: Команда unmute.mjs успешно добавлена для регистрации.
2024-08-02 00:56:29 INFO: Начинается регистрация (загрузка) слэш-команд.
2024-08-02 00:56:29 INFO: Слэш-команды успешно зарегистрированы.
2024-08-02 00:58:53 INFO: Команда ban.mjs успешно добавлена для регистрации.
2024-08-02 00:58:53 INFO: Команда bug.mjs успешно добавлена для регистрации.
2024-08-02 00:58:53 INFO: Команда kick.mjs успешно добавлена для регистрации.
2024-08-02 00:58:53 INFO: Команда mute.mjs успешно добавлена для регистрации.
2024-08-02 00:58:53 INFO: Команда setlogchannel.mjs успешно добавлена для регистрации.
2024-08-02 00:58:53 INFO: Команда unban.mjs успешно добавлена для регистрации.
2024-08-02 00:58:53 INFO: Команда unmute.mjs успешно добавлена для регистрации.
2024-08-02 00:58:53 INFO: Начинается регистрация (загрузка) слэш-команд.
2024-08-02 00:58:54 INFO: Слэш-команды успешно зарегистрированы.
2024-08-02 01:01:35 INFO: Команда ban.mjs успешно добавлена для регистрации.
2024-08-02 01:01:35 INFO: Команда bug.mjs успешно добавлена для регистрации.
2024-08-02 01:01:35 INFO: Команда kick.mjs успешно добавлена для регистрации.
2024-08-02 01:01:35 INFO: Команда mute.mjs успешно добавлена для регистрации.
2024-08-02 01:01:35 INFO: Команда setlogchannel.mjs успешно добавлена для регистрации.
2024-08-02 01:01:35 INFO: Команда unban.mjs успешно добавлена для регистрации.
2024-08-02 01:01:35 INFO: Команда unmute.mjs успешно добавлена для регистрации.
2024-08-02 01:01:35 INFO: Начинается регистрация (загрузка) слэш-команд.
2024-08-02 01:01:35 INFO: Слэш-команды успешно зарегистрированы.
2024-08-02 14:04:32 INFO: Команда ban.mjs успешно добавлена для регистрации.
2024-08-02 14:04:32 INFO: Команда bug.mjs успешно добавлена для регистрации.
2024-08-02 14:04:32 INFO: Команда kick.mjs успешно добавлена для регистрации.
2024-08-02 14:04:32 INFO: Команда mute.mjs успешно добавлена для регистрации.
2024-08-02 14:04:32 INFO: Команда setlogchannel.mjs успешно добавлена для регистрации.
2024-08-02 14:04:32 INFO: Команда unban.mjs успешно добавлена для регистрации.
2024-08-02 14:04:32 INFO: Команда unmute.mjs успешно добавлена для регистрации.
2024-08-02 14:04:32 INFO: Начинается регистрация (загрузка) слэш-команд.
2024-08-02 14:04:33 INFO: Слэш-команды успешно зарегистрированы.
2024-08-02 14:05:13 INFO: Команда ban.mjs успешно добавлена для регистрации.
2024-08-02 14:05:13 INFO: Команда bug.mjs успешно добавлена для регистрации.
2024-08-02 14:05:13 INFO: Команда kick.mjs успешно добавлена для регистрации.
2024-08-02 14:05:13 INFO: Команда mute.mjs успешно добавлена для регистрации.
2024-08-02 14:05:13 INFO: Команда setlogchannel.mjs успешно добавлена для регистрации.
2024-08-02 14:05:13 INFO: Команда unban.mjs успешно добавлена для регистрации.
2024-08-02 14:05:13 INFO: Команда unmute.mjs успешно добавлена для регистрации.
2024-08-02 14:05:13 INFO: Начинается регистрация (загрузка) слэш-команд.
2024-08-02 14:05:14 INFO: Слэш-команды успешно зарегистрированы.
2024-08-02 14:12:18 INFO: Команда ban.mjs успешно добавлена для регистрации.
2024-08-02 14:12:18 INFO: Команда bug.mjs успешно добавлена для регистрации.
2024-08-02 14:12:18 INFO: Команда kick.mjs успешно добавлена для регистрации.
2024-08-02 14:12:18 INFO: Команда mute.mjs успешно добавлена для регистрации.
2024-08-02 14:12:18 INFO: Команда setlogchannel.mjs успешно добавлена для регистрации.
2024-08-02 14:12:18 INFO: Команда unban.mjs успешно добавлена для регистрации.
2024-08-02 14:12:18 INFO: Команда unmute.mjs успешно добавлена для регистрации.
2024-08-02 14:12:18 INFO: Начинается регистрация (загрузка) слэш-команд.
2024-08-02 14:12:19 INFO: Слэш-команды успешно зарегистрированы.
2024-08-02 14:13:14 INFO: Команда ban.mjs успешно добавлена для регистрации.
2024-08-02 14:13:14 INFO: Команда bug.mjs успешно добавлена для регистрации.
2024-08-02 14:13:14 INFO: Команда kick.mjs успешно добавлена для регистрации.
2024-08-02 14:13:14 INFO: Команда mute.mjs успешно добавлена для регистрации.
2024-08-02 14:13:14 INFO: Команда setlogchannel.mjs успешно добавлена для регистрации.
2024-08-02 14:13:14 INFO: Команда unban.mjs успешно добавлена для регистрации.
2024-08-02 14:13:14 INFO: Команда unmute.mjs успешно добавлена для регистрации.
2024-08-02 14:13:14 INFO: Начинается регистрация (загрузка) слэш-команд.
2024-08-02 14:13:15 INFO: Слэш-команды успешно зарегистрированы.
2024-08-02 14:18:34 INFO: Команда ban.mjs успешно добавлена для регистрации.
2024-08-02 14:18:34 INFO: Команда bug.mjs успешно добавлена для регистрации.
2024-08-02 14:18:34 INFO: Команда kick.mjs успешно добавлена для регистрации.
2024-08-02 14:18:34 INFO: Команда mute.mjs успешно добавлена для регистрации.
2024-08-02 14:18:34 INFO: Команда setlogchannel.mjs успешно добавлена для регистрации.
2024-08-02 14:18:34 INFO: Команда unban.mjs успешно добавлена для регистрации.
2024-08-02 14:18:34 INFO: Команда unmute.mjs успешно добавлена для регистрации.
2024-08-02 14:18:34 INFO: Начинается регистрация (загрузка) слэш-команд.
2024-08-02 14:18:35 INFO: Слэш-команды успешно зарегистрированы.
2024-08-02 14:20:59 INFO: Команда ban.mjs успешно добавлена для регистрации.
2024-08-02 14:20:59 INFO: Команда bug.mjs успешно добавлена для регистрации.
2024-08-02 14:20:59 INFO: Команда kick.mjs успешно добавлена для регистрации.
2024-08-02 14:20:59 INFO: Команда mute.mjs успешно добавлена для регистрации.
2024-08-02 14:20:59 INFO: Команда setlogchannel.mjs успешно добавлена для регистрации.
2024-08-02 14:20:59 INFO: Команда unban.mjs успешно добавлена для регистрации.
2024-08-02 14:20:59 INFO: Команда unmute.mjs успешно добавлена для регистрации.
2024-08-02 14:20:59 INFO: Начинается регистрация (загрузка) слэш-команд.
2024-08-02 14:20:59 INFO: Слэш-команды успешно зарегистрированы.
2024-08-02 14:30:46 INFO: Команда ban.mjs успешно добавлена для регистрации.
2024-08-02 14:30:46 INFO: Команда bug.mjs успешно добавлена для регистрации.
2024-08-02 14:30:46 INFO: Команда kick.mjs успешно добавлена для регистрации.
2024-08-02 14:30:46 INFO: Команда mute.mjs успешно добавлена для регистрации.
2024-08-02 14:30:46 INFO: Команда setlogchannel.mjs успешно добавлена для регистрации.
2024-08-02 14:30:46 INFO: Команда unban.mjs успешно добавлена для регистрации.
2024-08-02 14:30:46 INFO: Команда unmute.mjs успешно добавлена для регистрации.
2024-08-02 14:30:46 INFO: Начинается регистрация (загрузка) слэш-команд.
2024-08-02 14:30:46 INFO: Слэш-команды успешно зарегистрированы.
2024-08-02 14:40:05 INFO: Команда ban.mjs успешно добавлена для регистрации.
2024-08-02 14:40:05 INFO: Команда bug.mjs успешно добавлена для регистрации.
2024-08-02 14:40:05 INFO: Команда kick.mjs успешно добавлена для регистрации.
2024-08-02 14:40:05 INFO: Команда mute.mjs успешно добавлена для регистрации.
2024-08-02 14:40:05 INFO: Команда setlogchannel.mjs успешно добавлена для регистрации.
2024-08-02 14:40:05 INFO: Команда unban.mjs успешно добавлена для регистрации.
2024-08-02 14:40:05 INFO: Команда unmute.mjs успешно добавлена для регистрации.
2024-08-02 14:40:05 INFO: Начинается регистрация (загрузка) слэш-команд.
2024-08-02 14:40:05 INFO: Слэш-команды успешно зарегистрированы.
2024-08-02 14:40:37 INFO: Команда ban.mjs успешно добавлена для регистрации.
2024-08-02 14:40:37 INFO: Команда bug.mjs успешно добавлена для регистрации.
2024-08-02 14:40:37 INFO: Команда kick.mjs успешно добавлена для регистрации.
2024-08-02 14:40:37 INFO: Команда mute.mjs успешно добавлена для регистрации.
2024-08-02 14:40:37 INFO: Команда setlogchannel.mjs успешно добавлена для регистрации.
2024-08-02 14:40:37 INFO: Команда unban.mjs успешно добавлена для регистрации.
2024-08-02 14:40:37 INFO: Команда unmute.mjs успешно добавлена для регистрации.
2024-08-02 14:40:37 INFO: Начинается регистрация (загрузка) слэш-команд.
2024-08-02 14:40:38 INFO: Слэш-команды успешно зарегистрированы.
2024-08-02 15:13:05 INFO: Команда ban.mjs успешно добавлена для регистрации.
2024-08-02 15:13:05 INFO: Команда bug.mjs успешно добавлена для регистрации.
2024-08-02 15:13:05 INFO: Команда kick.mjs успешно добавлена для регистрации.
2024-08-02 15:13:05 INFO: Команда mute.mjs успешно добавлена для регистрации.
2024-08-02 15:13:05 INFO: Команда setlogchannel.mjs успешно добавлена для регистрации.
2024-08-02 15:13:05 INFO: Команда unban.mjs успешно добавлена для регистрации.
2024-08-02 15:13:05 INFO: Команда unmute.mjs успешно добавлена для регистрации.
2024-08-02 15:13:05 INFO: Начинается регистрация (загрузка) слэш-команд.
2024-08-02 15:13:06 INFO: Слэш-команды успешно зарегистрированы.
2024-08-02 15:28:55 INFO: Команда ban.mjs успешно добавлена для регистрации.
2024-08-02 15:28:55 INFO: Команда bug.mjs успешно добавлена для регистрации.
2024-08-02 15:28:55 INFO: Команда kick.mjs успешно добавлена для регистрации.
2024-08-02 15:28:55 INFO: Команда mute.mjs успешно добавлена для регистрации.
2024-08-02 15:28:55 INFO: Команда setlogchannel.mjs успешно добавлена для регистрации.
2024-08-02 15:28:55 INFO: Команда unban.mjs успешно добавлена для регистрации.
2024-08-02 15:28:55 INFO: Команда unmute.mjs успешно добавлена для регистрации.
2024-08-02 15:28:55 INFO: Начинается регистрация (загрузка) слэш-команд.
2024-08-02 15:28:56 INFO: Слэш-команды успешно зарегистрированы.
2024-08-02 15:59:21 INFO: Команда ban.mjs успешно добавлена для регистрации.
2024-08-02 15:59:21 INFO: Команда bug.mjs успешно добавлена для регистрации.
2024-08-02 15:59:21 INFO: Команда kick.mjs успешно добавлена для регистрации.
2024-08-02 15:59:21 INFO: Команда mute.mjs успешно добавлена для регистрации.
2024-08-02 15:59:21 INFO: Команда setlogchannel.mjs успешно добавлена для регистрации.
2024-08-02 15:59:21 INFO: Команда unban.mjs успешно добавлена для регистрации.
2024-08-02 15:59:21 INFO: Команда unmute.mjs успешно добавлена для регистрации.
2024-08-02 15:59:21 INFO: Начинается регистрация (загрузка) слэш-команд.
2024-08-02 15:59:21 INFO: Слэш-команды успешно зарегистрированы.
2024-08-02 16:11:22 INFO: Команда ban.mjs успешно добавлена для регистрации.
2024-08-02 16:11:22 INFO: Команда bug.mjs успешно добавлена для регистрации.
2024-08-02 16:11:22 INFO: Команда kick.mjs успешно добавлена для регистрации.
2024-08-02 16:11:22 INFO: Команда mute.mjs успешно добавлена для регистрации.
2024-08-02 16:11:22 INFO: Команда setlogchannel.mjs успешно добавлена для регистрации.
2024-08-02 16:11:22 INFO: Команда unban.mjs успешно добавлена для регистрации.
2024-08-02 16:11:22 INFO: Команда unmute.mjs успешно добавлена для регистрации.
2024-08-02 16:11:22 INFO: Начинается регистрация (загрузка) слэш-команд.
2024-08-02 16:11:23 INFO: Слэш-команды успешно зарегистрированы.
2024-08-02 16:17:56 INFO: Команда ban.mjs успешно добавлена для регистрации.
2024-08-02 16:17:56 INFO: Команда bug.mjs успешно добавлена для регистрации.
2024-08-02 16:17:56 INFO: Команда kick.mjs успешно добавлена для регистрации.
2024-08-02 16:17:56 INFO: Команда mute.mjs успешно добавлена для регистрации.
2024-08-02 16:17:56 INFO: Команда setlogchannel.mjs успешно добавлена для регистрации.
2024-08-02 16:17:56 INFO: Команда unban.mjs успешно добавлена для регистрации.
2024-08-02 16:17:56 INFO: Команда unmute.mjs успешно добавлена для регистрации.
2024-08-02 16:17:56 INFO: Начинается регистрация (загрузка) слэш-команд.
2024-08-02 16:17:56 INFO: Слэш-команды успешно зарегистрированы.
2024-08-02 16:36:17 INFO: Команда ban.mjs успешно добавлена для регистрации.
2024-08-02 16:36:17 INFO: Команда bug.mjs успешно добавлена для регистрации.
2024-08-02 16:36:17 INFO: Команда kick.mjs успешно добавлена для регистрации.
2024-08-02 16:36:17 INFO: Команда mute.mjs успешно добавлена для регистрации.
2024-08-02 16:36:17 INFO: Команда setlogchannel.mjs успешно добавлена для регистрации.
2024-08-02 16:36:17 INFO: Команда unban.mjs успешно добавлена для регистрации.
2024-08-02 16:36:17 INFO: Команда unmute.mjs успешно добавлена для регистрации.
2024-08-02 16:36:17 INFO: Начинается регистрация (загрузка) слэш-команд.
2024-08-02 16:36:17 INFO: Слэш-команды успешно зарегистрированы.
2024-08-02 16:43:13 INFO: Команда ban.mjs успешно добавлена для регистрации.
2024-08-02 16:43:13 INFO: Команда bug.mjs успешно добавлена для регистрации.
2024-08-02 16:43:13 INFO: Команда kick.mjs успешно добавлена для регистрации.
2024-08-02 16:43:13 INFO: Команда mute.mjs успешно добавлена для регистрации.
2024-08-02 16:43:13 INFO: Команда setlogchannel.mjs успешно добавлена для регистрации.
2024-08-02 16:43:13 INFO: Команда unban.mjs успешно добавлена для регистрации.
2024-08-02 16:43:13 INFO: Команда unmute.mjs успешно добавлена для регистрации.
2024-08-02 16:43:13 INFO: Начинается регистрация (загрузка) слэш-команд.
2024-08-02 16:43:14 INFO: Слэш-команды успешно зарегистрированы.
2024-08-02 16:50:37 INFO: Команда ban.mjs успешно добавлена для регистрации.
2024-08-02 16:50:37 INFO: Команда bug.mjs успешно добавлена для регистрации.
2024-08-02 16:50:37 INFO: Команда kick.mjs успешно добавлена для регистрации.
2024-08-02 16:50:37 INFO: Команда mute.mjs успешно добавлена для регистрации.
2024-08-02 16:50:37 INFO: Команда setlogchannel.mjs успешно добавлена для регистрации.
2024-08-02 16:50:37 INFO: Команда unban.mjs успешно добавлена для регистрации.
2024-08-02 16:50:37 INFO: Команда unmute.mjs успешно добавлена для регистрации.
2024-08-02 16:50:37 INFO: Начинается регистрация (загрузка) слэш-команд.
2024-08-02 16:50:37 INFO: Слэш-команды успешно зарегистрированы.
2024-08-02 17:25:11 INFO: Команда ban.mjs успешно добавлена для регистрации.
2024-08-02 17:25:11 INFO: Команда bug.mjs успешно добавлена для регистрации.
2024-08-02 17:25:11 INFO: Команда kick.mjs успешно добавлена для регистрации.
2024-08-02 17:25:11 INFO: Команда mute.mjs успешно добавлена для регистрации.
2024-08-02 17:25:11 INFO: Команда setlogchannel.mjs успешно добавлена для регистрации.
2024-08-02 17:25:11 INFO: Команда unban.mjs успешно добавлена для регистрации.
2024-08-02 17:25:11 INFO: Команда unmute.mjs успешно добавлена для регистрации.
2024-08-02 17:25:11 INFO: Начинается регистрация (загрузка) слэш-команд.
2024-08-02 17:25:12 INFO: Слэш-команды успешно зарегистрированы.
2024-08-02 22:55:57 INFO: Команда ban.mjs успешно добавлена для регистрации.
2024-08-02 22:55:57 INFO: Команда bug.mjs успешно добавлена для регистрации.
2024-08-02 22:55:57 INFO: Команда kick.mjs успешно добавлена для регистрации.
2024-08-02 22:55:57 INFO: Команда mute.mjs успешно добавлена для регистрации.
2024-08-02 22:55:57 INFO: Команда setlogchannel.mjs успешно добавлена для регистрации.
2024-08-02 22:55:57 INFO: Команда unban.mjs успешно добавлена для регистрации.
2024-08-02 22:55:57 INFO: Команда unmute.mjs успешно добавлена для регистрации.
2024-08-02 22:55:57 INFO: Начинается регистрация (загрузка) слэш-команд.
2024-08-02 22:55:57 INFO: Слэш-команды успешно зарегистрированы.
2024-08-02 23:34:20 INFO: Команда ban.mjs успешно добавлена для регистрации.
2024-08-02 23:34:20 INFO: Команда bug.mjs успешно добавлена для регистрации.
2024-08-02 23:34:20 INFO: Команда kick.mjs успешно добавлена для регистрации.
2024-08-02 23:34:20 INFO: Команда mute.mjs успешно добавлена для регистрации.
2024-08-02 23:34:20 INFO: Команда setlogchannel.mjs успешно добавлена для регистрации.
2024-08-02 23:34:20 INFO: Команда unban.mjs успешно добавлена для регистрации.
2024-08-02 23:34:20 INFO: Команда unmute.mjs успешно добавлена для регистрации.
2024-08-02 23:34:20 INFO: Начинается регистрация (загрузка) слэш-команд.
2024-08-02 23:34:20 INFO: Слэш-команды успешно зарегистрированы.
2024-08-02 23:49:18 INFO: Команда ban.mjs успешно добавлена для регистрации.
2024-08-02 23:49:18 INFO: Команда bug.mjs успешно добавлена для регистрации.
2024-08-02 23:49:18 INFO: Команда kick.mjs успешно добавлена для регистрации.
2024-08-02 23:49:18 INFO: Команда mute.mjs успешно добавлена для регистрации.
2024-08-02 23:49:18 INFO: Команда setlogchannel.mjs успешно добавлена для регистрации.
2024-08-02 23:49:18 INFO: Команда unban.mjs успешно добавлена для регистрации.
2024-08-02 23:49:18 INFO: Команда unmute.mjs успешно добавлена для регистрации.
2024-08-02 23:49:18 INFO: Начинается регистрация (загрузка) слэш-команд.
2024-08-02 23:49:18 INFO: Слэш-команды успешно зарегистрированы.
2024-08-02 23:50:20 INFO: Команда ban.mjs успешно добавлена для регистрации.
2024-08-02 23:50:20 INFO: Команда bug.mjs успешно добавлена для регистрации.
2024-08-02 23:50:20 INFO: Команда kick.mjs успешно добавлена для регистрации.
2024-08-02 23:50:20 INFO: Команда mute.mjs успешно добавлена для регистрации.
2024-08-02 23:50:20 INFO: Команда setlogchannel.mjs успешно добавлена для регистрации.
2024-08-02 23:50:20 INFO: Команда unban.mjs успешно добавлена для регистрации.
2024-08-02 23:50:20 INFO: Команда unmute.mjs успешно добавлена для регистрации.
2024-08-02 23:50:20 INFO: Начинается регистрация (загрузка) слэш-команд.
2024-08-02 23:50:21 INFO: Слэш-команды успешно зарегистрированы.
2024-08-02 23:52:40 INFO: Команда ban.mjs успешно добавлена для регистрации.
2024-08-02 23:52:40 INFO: Команда bug.mjs успешно добавлена для регистрации.
2024-08-02 23:52:40 INFO: Команда kick.mjs успешно добавлена для регистрации.
2024-08-02 23:52:40 INFO: Команда mute.mjs успешно добавлена для регистрации.
2024-08-02 23:52:40 INFO: Команда privatevoice.mjs успешно добавлена для регистрации.
2024-08-02 23:52:40 INFO: Команда setlogchannel.mjs успешно добавлена для регистрации.
2024-08-02 23:52:40 INFO: Команда unban.mjs успешно добавлена для регистрации.
2024-08-02 23:52:40 INFO: Команда unmute.mjs успешно добавлена для регистрации.
2024-08-02 23:52:40 INFO: Начинается регистрация (загрузка) слэш-команд.
2024-08-02 23:52:40 INFO: Слэш-команды успешно зарегистрированы.
2024-08-02 23:54:05 INFO: Команда ban.mjs успешно добавлена для регистрации.
2024-08-02 23:54:05 INFO: Команда bug.mjs успешно добавлена для регистрации.
2024-08-02 23:54:05 INFO: Команда kick.mjs успешно добавлена для регистрации.
2024-08-02 23:54:05 INFO: Команда mute.mjs успешно добавлена для регистрации.
2024-08-02 23:54:05 INFO: Команда privatevoice.mjs успешно добавлена для регистрации.
2024-08-02 23:54:05 INFO: Команда setlogchannel.mjs успешно добавлена для регистрации.
2024-08-02 23:54:05 INFO: Команда unban.mjs успешно добавлена для регистрации.
2024-08-02 23:54:05 INFO: Команда unmute.mjs успешно добавлена для регистрации.
2024-08-02 23:54:05 INFO: Начинается регистрация (загрузка) слэш-команд.
2024-08-02 23:54:06 INFO: Слэш-команды успешно зарегистрированы.
2024-08-02 23:55:32 INFO: Команда ban.mjs успешно добавлена для регистрации.
2024-08-02 23:55:32 INFO: Команда bug.mjs успешно добавлена для регистрации.
2024-08-02 23:55:32 INFO: Команда kick.mjs успешно добавлена для регистрации.
2024-08-02 23:55:32 INFO: Команда mute.mjs успешно добавлена для регистрации.
2024-08-02 23:55:32 INFO: Команда privatevoice.mjs успешно добавлена для регистрации.
2024-08-02 23:55:32 INFO: Команда setlogchannel.mjs успешно добавлена для регистрации.
2024-08-02 23:55:32 INFO: Команда unban.mjs успешно добавлена для регистрации.
2024-08-02 23:55:32 INFO: Команда unmute.mjs успешно добавлена для регистрации.
2024-08-02 23:55:32 INFO: Начинается регистрация (загрузка) слэш-команд.
2024-08-02 23:55:33 INFO: Слэш-команды успешно зарегистрированы.
2024-08-02 23:58:42 INFO: Команда ban.mjs успешно добавлена для регистрации.
2024-08-02 23:58:42 INFO: Команда bug.mjs успешно добавлена для регистрации.
2024-08-02 23:58:42 INFO: Команда kick.mjs успешно добавлена для регистрации.
2024-08-02 23:58:42 INFO: Команда mute.mjs успешно добавлена для регистрации.
2024-08-02 23:58:42 INFO: Команда privatevoice.mjs успешно добавлена для регистрации.
2024-08-02 23:58:42 INFO: Команда setlogchannel.mjs успешно добавлена для регистрации.
2024-08-02 23:58:42 INFO: Команда unban.mjs успешно добавлена для регистрации.
2024-08-02 23:58:42 INFO: Команда unmute.mjs успешно добавлена для регистрации.
2024-08-02 23:58:42 INFO: Начинается регистрация (загрузка) слэш-команд.
2024-08-02 23:58:42 INFO: Слэш-команды успешно зарегистрированы.
2024-08-03 00:06:02 INFO: Команда ban.mjs успешно добавлена для регистрации.
2024-08-03 00:06:02 INFO: Команда bug.mjs успешно добавлена для регистрации.
2024-08-03 00:06:02 INFO: Команда kick.mjs успешно добавлена для регистрации.
2024-08-03 00:06:02 INFO: Команда mute.mjs успешно добавлена для регистрации.
2024-08-03 00:06:02 INFO: Команда privatevoice.mjs успешно добавлена для регистрации.
2024-08-03 00:06:02 INFO: Команда setlogchannel.mjs успешно добавлена для регистрации.
2024-08-03 00:06:02 INFO: Команда unban.mjs успешно добавлена для регистрации.
2024-08-03 00:06:02 INFO: Команда unmute.mjs успешно добавлена для регистрации.
2024-08-03 00:06:02 INFO: Начинается регистрация (загрузка) слэш-команд.
2024-08-03 00:06:03 INFO: Слэш-команды успешно зарегистрированы.
2024-08-03 00:11:59 INFO: Команда ban.mjs успешно добавлена для регистрации.
2024-08-03 00:11:59 INFO: Команда bug.mjs успешно добавлена для регистрации.
2024-08-03 00:11:59 INFO: Команда kick.mjs успешно добавлена для регистрации.
2024-08-03 00:11:59 INFO: Команда mute.mjs успешно добавлена для регистрации.
2024-08-03 00:11:59 INFO: Команда setlogchannel.mjs успешно добавлена для регистрации.
2024-08-03 00:11:59 INFO: Команда unban.mjs успешно добавлена для регистрации.
2024-08-03 00:11:59 INFO: Команда unmute.mjs успешно добавлена для регистрации.
2024-08-03 00:11:59 INFO: Начинается регистрация (загрузка) слэш-команд.
2024-08-03 00:12:00 INFO: Слэш-команды успешно зарегистрированы.
2024-08-04 10:55:25 INFO: Команда ban.mjs успешно добавлена для регистрации.
2024-08-04 10:55:25 INFO: Команда bug.mjs успешно добавлена для регистрации.
2024-08-04 10:55:25 INFO: Команда kick.mjs успешно добавлена для регистрации.
2024-08-04 10:55:26 INFO: Команда mute.mjs успешно добавлена для регистрации.
2024-08-04 10:55:26 INFO: Команда privatevoice.mjs успешно добавлена для регистрации.
2024-08-04 10:55:26 INFO: Команда setlogchannel.mjs успешно добавлена для регистрации.
2024-08-04 10:55:26 INFO: Команда unban.mjs успешно добавлена для регистрации.
2024-08-04 10:55:26 INFO: Команда unmute.mjs успешно добавлена для регистрации.
2024-08-04 10:55:26 INFO: Начинается регистрация (загрузка) слэш-команд.
2024-08-04 10:55:26 INFO: Слэш-команды успешно зарегистрированы.
2024-08-04 10:56:23 INFO: Команда ban.mjs успешно добавлена для регистрации.
2024-08-04 10:56:23 INFO: Команда bug.mjs успешно добавлена для регистрации.
2024-08-04 10:56:23 INFO: Команда kick.mjs успешно добавлена для регистрации.
2024-08-04 10:56:23 INFO: Команда mute.mjs успешно добавлена для регистрации.
2024-08-04 10:56:23 INFO: Команда privatevoice.mjs успешно добавлена для регистрации.
2024-08-04 10:56:23 INFO: Команда setlogchannel.mjs успешно добавлена для регистрации.
2024-08-04 10:56:23 INFO: Команда unban.mjs успешно добавлена для регистрации.
2024-08-04 10:56:23 INFO: Команда unmute.mjs успешно добавлена для регистрации.
2024-08-04 10:56:23 INFO: Начинается регистрация (загрузка) слэш-команд.
2024-08-04 10:56:24 INFO: Слэш-команды успешно зарегистрированы.
2024-08-04 10:58:24 INFO: Команда ban.mjs успешно добавлена для регистрации.
2024-08-04 10:58:24 INFO: Команда bug.mjs успешно добавлена для регистрации.
2024-08-04 10:58:24 INFO: Команда kick.mjs успешно добавлена для регистрации.
2024-08-04 10:58:24 INFO: Команда mute.mjs успешно добавлена для регистрации.
2024-08-04 10:58:24 INFO: Команда privatevoice.mjs успешно добавлена для регистрации.
2024-08-04 10:58:24 INFO: Команда setlogchannel.mjs успешно добавлена для регистрации.
2024-08-04 10:58:24 INFO: Команда unban.mjs успешно добавлена для регистрации.
2024-08-04 10:58:24 INFO: Команда unmute.mjs успешно добавлена для регистрации.
2024-08-04 10:58:24 INFO: Начинается регистрация (загрузка) слэш-команд.
2024-08-04 10:58:24 INFO: Слэш-команды успешно зарегистрированы.
2024-08-04 10:59:48 INFO: Команда ban.mjs успешно добавлена для регистрации.
2024-08-04 10:59:48 INFO: Команда bug.mjs успешно добавлена для регистрации.
2024-08-04 10:59:48 INFO: Команда kick.mjs успешно добавлена для регистрации.
2024-08-04 10:59:48 INFO: Команда mute.mjs успешно добавлена для регистрации.
2024-08-04 10:59:48 INFO: Команда privatevoice.mjs успешно добавлена для регистрации.
2024-08-04 10:59:48 INFO: Команда setlogchannel.mjs успешно добавлена для регистрации.
2024-08-04 10:59:48 INFO: Команда unban.mjs успешно добавлена для регистрации.
2024-08-04 10:59:48 INFO: Команда unmute.mjs успешно добавлена для регистрации.
2024-08-04 10:59:48 INFO: Начинается регистрация (загрузка) слэш-команд.
2024-08-04 10:59:48 INFO: Слэш-команды успешно зарегистрированы.
2024-08-04 11:02:37 INFO: Команда ban.mjs успешно добавлена для регистрации.
2024-08-04 11:02:37 INFO: Команда bug.mjs успешно добавлена для регистрации.
2024-08-04 11:02:37 INFO: Команда kick.mjs успешно добавлена для регистрации.
2024-08-04 11:02:37 INFO: Команда mute.mjs успешно добавлена для регистрации.
2024-08-04 11:02:37 INFO: Команда privatevoice.mjs успешно добавлена для регистрации.
2024-08-04 11:02:37 INFO: Команда setlogchannel.mjs успешно добавлена для регистрации.
2024-08-04 11:02:37 INFO: Команда unban.mjs успешно добавлена для регистрации.
2024-08-04 11:02:37 INFO: Команда unmute.mjs успешно добавлена для регистрации.
2024-08-04 11:02:37 INFO: Начинается регистрация (загрузка) слэш-команд.
2024-08-04 11:02:37 INFO: Слэш-команды успешно зарегистрированы.
2024-08-04 12:17:58 INFO: Команда ban.mjs успешно добавлена для регистрации.
2024-08-04 12:17:58 INFO: Команда bug.mjs успешно добавлена для регистрации.
2024-08-04 12:17:58 INFO: Команда kick.mjs успешно добавлена для регистрации.
2024-08-04 12:17:58 INFO: Команда mute.mjs успешно добавлена для регистрации.
2024-08-04 12:17:58 INFO: Команда privatevoice.mjs успешно добавлена для регистрации.
2024-08-04 12:17:58 INFO: Команда setlogchannel.mjs успешно добавлена для регистрации.
2024-08-04 12:17:58 INFO: Команда unban.mjs успешно добавлена для регистрации.
2024-08-04 12:17:58 INFO: Команда unmute.mjs успешно добавлена для регистрации.
2024-08-04 12:17:58 INFO: Начинается регистрация (загрузка) слэш-команд.
2024-08-04 12:17:59 INFO: Слэш-команды успешно зарегистрированы.
2024-08-04 12:22:46 INFO: Команда ban.mjs успешно добавлена для регистрации.
2024-08-04 12:22:46 INFO: Команда bug.mjs успешно добавлена для регистрации.
2024-08-04 12:22:46 INFO: Команда kick.mjs успешно добавлена для регистрации.
2024-08-04 12:22:46 INFO: Команда mute.mjs успешно добавлена для регистрации.
2024-08-04 12:22:46 INFO: Команда privatevoice.mjs успешно добавлена для регистрации.
2024-08-04 12:22:46 INFO: Команда setlogchannel.mjs успешно добавлена для регистрации.
2024-08-04 12:22:46 INFO: Команда unban.mjs успешно добавлена для регистрации.
2024-08-04 12:22:46 INFO: Команда unmute.mjs успешно добавлена для регистрации.
2024-08-04 12:22:46 INFO: Начинается регистрация (загрузка) слэш-команд.
2024-08-04 12:22:47 INFO: Слэш-команды успешно зарегистрированы.
2024-08-04 12:26:38 INFO: Команда ban.mjs успешно добавлена для регистрации.
2024-08-04 12:26:38 INFO: Команда bug.mjs успешно добавлена для регистрации.
2024-08-04 12:26:38 INFO: Команда kick.mjs успешно добавлена для регистрации.
2024-08-04 12:26:38 INFO: Команда mute.mjs успешно добавлена для регистрации.
2024-08-04 12:26:38 INFO: Команда privatevoice.mjs успешно добавлена для регистрации.
2024-08-04 12:26:38 INFO: Команда setlogchannel.mjs успешно добавлена для регистрации.
2024-08-04 12:26:38 INFO: Команда unban.mjs успешно добавлена для регистрации.
2024-08-04 12:26:38 INFO: Команда unmute.mjs успешно добавлена для регистрации.
2024-08-04 12:26:38 INFO: Начинается регистрация (загрузка) слэш-команд.
2024-08-04 12:26:38 INFO: Слэш-команды успешно зарегистрированы.
2024-08-04 12:31:36 INFO: Команда ban.mjs успешно добавлена для регистрации.
2024-08-04 12:31:36 INFO: Команда bug.mjs успешно добавлена для регистрации.
2024-08-04 12:31:36 INFO: Команда kick.mjs успешно добавлена для регистрации.
2024-08-04 12:31:36 INFO: Команда mute.mjs успешно добавлена для регистрации.
2024-08-04 12:31:36 INFO: Команда privatevoice.mjs успешно добавлена для регистрации.
2024-08-04 12:31:36 INFO: Команда setlogchannel.mjs успешно добавлена для регистрации.
2024-08-04 12:31:36 INFO: Команда unban.mjs успешно добавлена для регистрации.
2024-08-04 12:31:36 INFO: Команда unmute.mjs успешно добавлена для регистрации.
2024-08-04 12:31:36 INFO: Начинается регистрация (загрузка) слэш-команд.
2024-08-04 12:31:36 INFO: Слэш-команды успешно зарегистрированы.
2024-08-04 12:36:48 INFO: Команда ban.mjs успешно добавлена для регистрации.
2024-08-04 12:36:48 INFO: Команда bug.mjs успешно добавлена для регистрации.
2024-08-04 12:36:48 INFO: Команда kick.mjs успешно добавлена для регистрации.
2024-08-04 12:36:48 INFO: Команда mute.mjs успешно добавлена для регистрации.
2024-08-04 12:36:48 INFO: Команда privatevoice.mjs успешно добавлена для регистрации.
2024-08-04 12:36:48 INFO: Команда setlogchannel.mjs успешно добавлена для регистрации.
2024-08-04 12:36:48 INFO: Команда unban.mjs успешно добавлена для регистрации.
2024-08-04 12:36:48 INFO: Команда unmute.mjs успешно добавлена для регистрации.
2024-08-04 12:36:48 INFO: Начинается регистрация (загрузка) слэш-команд.
2024-08-04 12:36:49 INFO: Слэш-команды успешно зарегистрированы.
2024-08-04 13:40:28 INFO: Команда ban.mjs успешно добавлена для регистрации.
2024-08-04 13:40:28 INFO: Команда bug.mjs успешно добавлена для регистрации.
2024-08-04 13:40:28 INFO: Команда kick.mjs успешно добавлена для регистрации.
2024-08-04 13:40:28 INFO: Команда mute.mjs успешно добавлена для регистрации.
2024-08-04 13:40:28 INFO: Команда privatevoice.mjs успешно добавлена для регистрации.
2024-08-04 13:40:28 INFO: Команда setlogchannel.mjs успешно добавлена для регистрации.
2024-08-04 13:40:28 INFO: Команда unban.mjs успешно добавлена для регистрации.
2024-08-04 13:40:28 INFO: Команда unmute.mjs успешно добавлена для регистрации.
2024-08-04 13:40:28 INFO: Начинается регистрация (загрузка) слэш-команд.
2024-08-04 13:40:28 INFO: Слэш-команды успешно зарегистрированы.
2024-08-04 13:44:52 INFO: Команда ban.mjs успешно добавлена для регистрации.
2024-08-04 13:44:52 INFO: Команда bug.mjs успешно добавлена для регистрации.
2024-08-04 13:44:52 INFO: Команда kick.mjs успешно добавлена для регистрации.
2024-08-04 13:44:52 INFO: Команда mute.mjs успешно добавлена для регистрации.
2024-08-04 13:44:52 INFO: Команда privatevoice.mjs успешно добавлена для регистрации.
2024-08-04 13:44:52 INFO: Команда setlogchannel.mjs успешно добавлена для регистрации.
2024-08-04 13:44:52 INFO: Команда unban.mjs успешно добавлена для регистрации.
2024-08-04 13:44:52 INFO: Команда unmute.mjs успешно добавлена для регистрации.
2024-08-04 13:44:52 INFO: Начинается регистрация (загрузка) слэш-команд.
2024-08-04 13:44:53 INFO: Слэш-команды успешно зарегистрированы.
2024-08-04 13:48:55 INFO: Команда ban.mjs успешно добавлена для регистрации.
2024-08-04 13:48:55 INFO: Команда bug.mjs успешно добавлена для регистрации.
2024-08-04 13:48:55 INFO: Команда kick.mjs успешно добавлена для регистрации.
2024-08-04 13:48:55 INFO: Команда mute.mjs успешно добавлена для регистрации.
2024-08-04 13:48:55 INFO: Команда privatevoice.mjs успешно добавлена для регистрации.
2024-08-04 13:48:55 INFO: Команда setlogchannel.mjs успешно добавлена для регистрации.
2024-08-04 13:48:55 INFO: Команда unban.mjs успешно добавлена для регистрации.
2024-08-04 13:48:55 INFO: Команда unmute.mjs успешно добавлена для регистрации.
2024-08-04 13:48:55 INFO: Начинается регистрация (загрузка) слэш-команд.
2024-08-04 13:48:55 INFO: Слэш-команды успешно зарегистрированы.
2024-08-04 13:59:37 INFO: Команда ban.mjs успешно добавлена для регистрации.
2024-08-04 13:59:37 INFO: Команда bug.mjs успешно добавлена для регистрации.
2024-08-04 13:59:37 INFO: Команда kick.mjs успешно добавлена для регистрации.
2024-08-04 13:59:37 INFO: Команда mute.mjs успешно добавлена для регистрации.
2024-08-04 13:59:37 INFO: Команда privatevoice.mjs успешно добавлена для регистрации.
2024-08-04 13:59:37 INFO: Команда setlogchannel.mjs успешно добавлена для регистрации.
2024-08-04 13:59:37 INFO: Команда unban.mjs успешно добавлена для регистрации.
2024-08-04 13:59:37 INFO: Команда unmute.mjs успешно добавлена для регистрации.
2024-08-04 13:59:37 INFO: Начинается регистрация (загрузка) слэш-команд.
2024-08-04 13:59:37 INFO: Слэш-команды успешно зарегистрированы.
2024-08-04 14:02:24 INFO: Команда ban.mjs успешно добавлена для регистрации.
2024-08-04 14:02:24 INFO: Команда bug.mjs успешно добавлена для регистрации.
2024-08-04 14:02:24 INFO: Команда kick.mjs успешно добавлена для регистрации.
2024-08-04 14:02:24 INFO: Команда mute.mjs успешно добавлена для регистрации.
2024-08-04 14:02:24 INFO: Команда privatevoice.mjs успешно добавлена для регистрации.
2024-08-04 14:02:24 INFO: Команда setlogchannel.mjs успешно добавлена для регистрации.
2024-08-04 14:02:24 INFO: Команда unban.mjs успешно добавлена для регистрации.
2024-08-04 14:02:24 INFO: Команда unmute.mjs успешно добавлена для регистрации.
2024-08-04 14:02:24 INFO: Начинается регистрация (загрузка) слэш-команд.
2024-08-04 14:02:25 INFO: Слэш-команды успешно зарегистрированы.
2024-08-04 14:06:45 INFO: Команда ban.mjs успешно добавлена для регистрации.
2024-08-04 14:06:45 INFO: Команда bug.mjs успешно добавлена для регистрации.
2024-08-04 14:06:45 INFO: Команда kick.mjs успешно добавлена для регистрации.
2024-08-04 14:06:45 INFO: Команда mute.mjs успешно добавлена для регистрации.
2024-08-04 14:06:45 INFO: Команда privatevoice.mjs успешно добавлена для регистрации.
2024-08-04 14:06:45 INFO: Команда setlogchannel.mjs успешно добавлена для регистрации.
2024-08-04 14:06:45 INFO: Команда unban.mjs успешно добавлена для регистрации.
2024-08-04 14:06:45 INFO: Команда unmute.mjs успешно добавлена для регистрации.
2024-08-04 14:06:45 INFO: Начинается регистрация (загрузка) слэш-команд.
2024-08-04 14:06:46 INFO: Слэш-команды успешно зарегистрированы.
2024-08-04 14:13:23 INFO: Команда ban.mjs успешно добавлена для регистрации.
2024-08-04 14:13:23 INFO: Команда bug.mjs успешно добавлена для регистрации.
2024-08-04 14:13:23 INFO: Команда kick.mjs успешно добавлена для регистрации.
2024-08-04 14:13:23 INFO: Команда mute.mjs успешно добавлена для регистрации.
2024-08-04 14:13:23 INFO: Команда privatevoice.mjs успешно добавлена для регистрации.
2024-08-04 14:13:23 INFO: Команда setlogchannel.mjs успешно добавлена для регистрации.
2024-08-04 14:13:23 INFO: Команда unban.mjs успешно добавлена для регистрации.
2024-08-04 14:13:23 INFO: Команда unmute.mjs успешно добавлена для регистрации.
2024-08-04 14:13:23 INFO: Начинается регистрация (загрузка) слэш-команд.
2024-08-04 14:13:23 INFO: Слэш-команды успешно зарегистрированы.
2024-08-04 14:15:38 INFO: Команда ban.mjs успешно добавлена для регистрации.
2024-08-04 14:15:38 INFO: Команда bug.mjs успешно добавлена для регистрации.
2024-08-04 14:15:38 INFO: Команда kick.mjs успешно добавлена для регистрации.
2024-08-04 14:15:38 INFO: Команда mute.mjs успешно добавлена для регистрации.
2024-08-04 14:15:38 INFO: Команда privatevoice.mjs успешно добавлена для регистрации.
2024-08-04 14:15:38 INFO: Команда setlogchannel.mjs успешно добавлена для регистрации.
2024-08-04 14:15:38 INFO: Команда unban.mjs успешно добавлена для регистрации.
2024-08-04 14:15:38 INFO: Команда unmute.mjs успешно добавлена для регистрации.
2024-08-04 14:15:38 INFO: Начинается регистрация (загрузка) слэш-команд.
2024-08-04 14:15:38 INFO: Слэш-команды успешно зарегистрированы.
2024-08-04 14:37:15 INFO: Команда ban.mjs успешно добавлена для регистрации.
2024-08-04 14:37:15 INFO: Команда bug.mjs успешно добавлена для регистрации.
2024-08-04 14:37:15 INFO: Команда kick.mjs успешно добавлена для регистрации.
2024-08-04 14:37:15 INFO: Команда mute.mjs успешно добавлена для регистрации.
2024-08-04 14:37:15 INFO: Команда privatevoice.mjs успешно добавлена для регистрации.
2024-08-04 14:37:15 INFO: Команда setlogchannel.mjs успешно добавлена для регистрации.
2024-08-04 14:37:15 INFO: Команда unban.mjs успешно добавлена для регистрации.
2024-08-04 14:37:15 INFO: Команда unmute.mjs успешно добавлена для регистрации.
2024-08-04 14:37:15 INFO: Начинается регистрация (загрузка) слэш-команд.
2024-08-04 14:37:15 INFO: Слэш-команды успешно зарегистрированы.
2024-08-04 15:05:15 INFO: Команда ban.mjs успешно добавлена для регистрации.
2024-08-04 15:05:15 INFO: Команда bug.mjs успешно добавлена для регистрации.
2024-08-04 15:05:15 INFO: Команда kick.mjs успешно добавлена для регистрации.
2024-08-04 15:05:15 INFO: Команда mute.mjs успешно добавлена для регистрации.
2024-08-04 15:05:15 INFO: Команда privatevoice.mjs успешно добавлена для регистрации.
2024-08-04 15:05:15 INFO: Команда setlogchannel.mjs успешно добавлена для регистрации.
2024-08-04 15:05:15 INFO: Команда unban.mjs успешно добавлена для регистрации.
2024-08-04 15:05:15 INFO: Команда unmute.mjs успешно добавлена для регистрации.
2024-08-04 15:05:15 INFO: Начинается регистрация (загрузка) слэш-команд.
2024-08-04 15:05:16 INFO: Слэш-команды успешно зарегистрированы.
2024-08-04 15:05:54 INFO: Команда ban.mjs успешно добавлена для регистрации.
2024-08-04 15:05:54 INFO: Команда bug.mjs успешно добавлена для регистрации.
2024-08-04 15:05:54 INFO: Команда kick.mjs успешно добавлена для регистрации.
2024-08-04 15:05:54 INFO: Команда mute.mjs успешно добавлена для регистрации.
2024-08-04 15:05:54 INFO: Команда privatevoice.mjs успешно добавлена для регистрации.
2024-08-04 15:05:54 INFO: Команда setlogchannel.mjs успешно добавлена для регистрации.
2024-08-04 15:05:54 INFO: Команда unban.mjs успешно добавлена для регистрации.
2024-08-04 15:05:54 INFO: Команда unmute.mjs успешно добавлена для регистрации.
2024-08-04 15:05:54 INFO: Начинается регистрация (загрузка) слэш-команд.
2024-08-04 15:05:54 INFO: Слэш-команды успешно зарегистрированы.
2024-08-04 15:06:24 INFO: Команда ban.mjs успешно добавлена для регистрации.
2024-08-04 15:06:24 INFO: Команда bug.mjs успешно добавлена для регистрации.
2024-08-04 15:06:24 INFO: Команда kick.mjs успешно добавлена для регистрации.
2024-08-04 15:06:24 ERROR: Ошибка при загрузке команды mute.mjs: Invalid string format
2024-08-04 15:06:24 INFO: Команда privatevoice.mjs успешно добавлена для регистрации.
2024-08-04 15:06:24 INFO: Команда setlogchannel.mjs успешно добавлена для регистрации.
2024-08-04 15:06:24 INFO: Команда unban.mjs успешно добавлена для регистрации.
2024-08-04 15:06:24 INFO: Команда unmute.mjs успешно добавлена для регистрации.
2024-08-04 15:06:24 INFO: Начинается регистрация (загрузка) слэш-команд.
2024-08-04 15:06:24 INFO: Слэш-команды успешно зарегистрированы.
2024-08-04 15:06:45 INFO: Команда ban.mjs успешно добавлена для регистрации.
2024-08-04 15:06:45 INFO: Команда bug.mjs успешно добавлена для регистрации.
2024-08-04 15:06:45 INFO: Команда kick.mjs успешно добавлена для регистрации.
2024-08-04 15:06:45 INFO: Команда mute.mjs успешно добавлена для регистрации.
2024-08-04 15:06:45 INFO: Команда privatevoice.mjs успешно добавлена для регистрации.
2024-08-04 15:06:45 INFO: Команда setlogchannel.mjs успешно добавлена для регистрации.
2024-08-04 15:06:45 INFO: Команда unban.mjs успешно добавлена для регистрации.
2024-08-04 15:06:45 INFO: Команда unmute.mjs успешно добавлена для регистрации.
2024-08-04 15:06:45 INFO: Начинается регистрация (загрузка) слэш-команд.
2024-08-04 15:06:45 INFO: Слэш-команды успешно зарегистрированы.
2024-08-04 15:11:41 INFO: Команда ban.mjs успешно добавлена для регистрации.
2024-08-04 15:11:41 INFO: Команда bug.mjs успешно добавлена для регистрации.
2024-08-04 15:11:41 INFO: Команда kick.mjs успешно добавлена для регистрации.
2024-08-04 15:11:41 INFO: Команда mute.mjs успешно добавлена для регистрации.
2024-08-04 15:11:41 INFO: Команда privatevoice.mjs успешно добавлена для регистрации.
2024-08-04 15:11:41 INFO: Команда setlogchannel.mjs успешно добавлена для регистрации.
2024-08-04 15:11:41 INFO: Команда unban.mjs успешно добавлена для регистрации.
2024-08-04 15:11:41 INFO: Команда unmute.mjs успешно добавлена для регистрации.
2024-08-04 15:11:41 INFO: Начинается регистрация (загрузка) слэш-команд.
2024-08-04 15:11:41 INFO: Слэш-команды успешно зарегистрированы.
2024-08-04 17:55:51 INFO: Команда ban.mjs успешно добавлена для регистрации.
2024-08-04 17:55:51 INFO: Команда bug.mjs успешно добавлена для регистрации.
2024-08-04 17:55:51 INFO: Команда kick.mjs успешно добавлена для регистрации.
2024-08-04 17:55:51 INFO: Команда mute.mjs успешно добавлена для регистрации.
2024-08-04 17:55:51 INFO: Команда privatevoice.mjs успешно добавлена для регистрации.
2024-08-04 17:55:51 INFO: Команда setlogchannel.mjs успешно добавлена для регистрации.
2024-08-04 17:55:51 INFO: Команда unban.mjs успешно добавлена для регистрации.
2024-08-04 17:55:51 INFO: Команда unmute.mjs успешно добавлена для регистрации.
2024-08-04 17:55:51 INFO: Начинается регистрация (загрузка) слэш-команд.
2024-08-04 17:55:52 INFO: Слэш-команды успешно зарегистрированы.
2024-08-04 18:22:05 INFO: Команда ban.mjs успешно добавлена для регистрации.
2024-08-04 18:22:05 INFO: Команда bug.mjs успешно добавлена для регистрации.
2024-08-04 18:22:05 INFO: Команда kick.mjs успешно добавлена для регистрации.
2024-08-04 18:22:05 INFO: Команда mute.mjs успешно добавлена для регистрации.
2024-08-04 18:22:05 INFO: Команда privatevoice.mjs успешно добавлена для регистрации.
2024-08-04 18:22:05 INFO: Команда setlogchannel.mjs успешно добавлена для регистрации.
2024-08-04 18:22:05 INFO: Команда unban.mjs успешно добавлена для регистрации.
2024-08-04 18:22:05 INFO: Команда unmute.mjs успешно добавлена для регистрации.
2024-08-04 18:22:05 INFO: Начинается регистрация (загрузка) слэш-команд.
2024-08-04 18:22:05 INFO: Слэш-команды успешно зарегистрированы.
2024-08-04 22:14:40 INFO: Команда ban.mjs успешно добавлена для регистрации.
2024-08-04 22:14:40 INFO: Команда bug.mjs успешно добавлена для регистрации.
2024-08-04 22:14:40 INFO: Команда kick.mjs успешно добавлена для регистрации.
2024-08-04 22:14:40 INFO: Команда mute.mjs успешно добавлена для регистрации.
2024-08-04 22:14:40 INFO: Команда privatevoice.mjs успешно добавлена для регистрации.
2024-08-04 22:14:40 INFO: Команда setlogchannel.mjs успешно добавлена для регистрации.
2024-08-04 22:14:40 INFO: Команда unban.mjs успешно добавлена для регистрации.
2024-08-04 22:14:40 INFO: Команда unmute.mjs успешно добавлена для регистрации.
2024-08-04 22:14:40 INFO: Начинается регистрация (загрузка) слэш-команд.
2024-08-04 22:14:41 INFO: Слэш-команды успешно зарегистрированы.
2024-08-04 22:43:53 INFO: Команда ban.mjs успешно добавлена для регистрации.
2024-08-04 22:43:53 INFO: Команда bug.mjs успешно добавлена для регистрации.
2024-08-04 22:43:53 INFO: Команда kick.mjs успешно добавлена для регистрации.
2024-08-04 22:43:53 INFO: Команда mute.mjs успешно добавлена для регистрации.
2024-08-04 22:43:53 INFO: Команда privatevoice.mjs успешно добавлена для регистрации.
2024-08-04 22:43:53 INFO: Команда setlogchannel.mjs успешно добавлена для регистрации.
2024-08-04 22:43:53 INFO: Команда unban.mjs успешно добавлена для регистрации.
2024-08-04 22:43:53 INFO: Команда unmute.mjs успешно добавлена для регистрации.
2024-08-04 22:43:53 INFO: Начинается регистрация (загрузка) слэш-команд.
2024-08-04 22:43:54 INFO: Слэш-команды успешно зарегистрированы.
2024-08-04 22:44:54 INFO: Команда ban.mjs успешно добавлена для регистрации.
2024-08-04 22:44:54 INFO: Команда bug.mjs успешно добавлена для регистрации.
2024-08-04 22:44:54 INFO: Команда kick.mjs успешно добавлена для регистрации.
2024-08-04 22:44:54 INFO: Команда mute.mjs успешно добавлена для регистрации.
2024-08-04 22:44:54 INFO: Команда privatevoice.mjs успешно добавлена для регистрации.
2024-08-04 22:44:54 INFO: Команда setlogchannel.mjs успешно добавлена для регистрации.
2024-08-04 22:44:54 INFO: Команда unban.mjs успешно добавлена для регистрации.
2024-08-04 22:44:54 INFO: Команда unmute.mjs успешно добавлена для регистрации.
2024-08-04 22:44:54 INFO: Начинается регистрация (загрузка) слэш-команд.
2024-08-04 22:44:54 INFO: Слэш-команды успешно зарегистрированы.
2024-08-04 22:46:52 INFO: Команда ban.mjs успешно добавлена для регистрации.
2024-08-04 22:46:52 INFO: Команда bug.mjs успешно добавлена для регистрации.
2024-08-04 22:46:52 INFO: Команда kick.mjs успешно добавлена для регистрации.
2024-08-04 22:46:52 INFO: Команда mute.mjs успешно добавлена для регистрации.
2024-08-04 22:46:52 INFO: Команда privatevoice.mjs успешно добавлена для регистрации.
2024-08-04 22:46:52 INFO: Команда setlogchannel.mjs успешно добавлена для регистрации.
2024-08-04 22:46:52 INFO: Команда unban.mjs успешно добавлена для регистрации.
2024-08-04 22:46:52 INFO: Команда unmute.mjs успешно добавлена для регистрации.
2024-08-04 22:46:52 INFO: Начинается регистрация (загрузка) слэш-команд.
2024-08-04 22:46:52 INFO: Слэш-команды успешно зарегистрированы.
2024-08-04 22:52:40 INFO: Команда ban.mjs успешно добавлена для регистрации.
2024-08-04 22:52:40 INFO: Команда bug.mjs успешно добавлена для регистрации.
2024-08-04 22:52:40 INFO: Команда kick.mjs успешно добавлена для регистрации.
2024-08-04 22:52:40 INFO: Команда mute.mjs успешно добавлена для регистрации.
2024-08-04 22:52:40 INFO: Команда privatevoice.mjs успешно добавлена для регистрации.
2024-08-04 22:52:40 INFO: Команда setlogchannel.mjs успешно добавлена для регистрации.
2024-08-04 22:52:40 INFO: Команда unban.mjs успешно добавлена для регистрации.
2024-08-04 22:52:40 INFO: Команда unmute.mjs успешно добавлена для регистрации.
2024-08-04 22:52:40 INFO: Начинается регистрация (загрузка) слэш-команд.
2024-08-04 22:52:40 ERROR: Ошибка при регистрации слэш-команд: Invalid Form Body
6[APPLICATION_COMMANDS_DUPLICATE_NAME]: Application command names must be unique
2024-08-04 22:53:08 INFO: Команда ban.mjs успешно добавлена для регистрации.
2024-08-04 22:53:08 INFO: Команда bug.mjs успешно добавлена для регистрации.
2024-08-04 22:53:08 INFO: Команда kick.mjs успешно добавлена для регистрации.
2024-08-04 22:53:08 INFO: Команда mute.mjs успешно добавлена для регистрации.
2024-08-04 22:53:08 INFO: Команда privatevoice.mjs успешно добавлена для регистрации.
2024-08-04 22:53:08 INFO: Команда setlogchannel.mjs успешно добавлена для регистрации.
2024-08-04 22:53:08 INFO: Команда unban.mjs успешно добавлена для регистрации.
2024-08-04 22:53:08 INFO: Команда unmute.mjs успешно добавлена для регистрации.
2024-08-04 22:53:08 INFO: Начинается регистрация (загрузка) слэш-команд.
2024-08-04 22:53:08 INFO: Слэш-команды успешно зарегистрированы.
2024-08-04 22:54:41 INFO: Команда ban.mjs успешно добавлена для регистрации.
2024-08-04 22:54:41 INFO: Команда bug.mjs успешно добавлена для регистрации.
2024-08-04 22:54:41 INFO: Команда kick.mjs успешно добавлена для регистрации.
2024-08-04 22:54:41 INFO: Команда mute.mjs успешно добавлена для регистрации.
2024-08-04 22:54:41 INFO: Команда privatevoice.mjs успешно добавлена для регистрации.
2024-08-04 22:54:41 INFO: Команда setlogchannel.mjs успешно добавлена для регистрации.
2024-08-04 22:54:41 INFO: Команда unban.mjs успешно добавлена для регистрации.
2024-08-04 22:54:41 INFO: Команда unmute.mjs успешно добавлена для регистрации.
2024-08-04 22:54:41 INFO: Начинается регистрация (загрузка) слэш-команд.
2024-08-04 22:54:41 INFO: Слэш-команды успешно зарегистрированы.
2024-08-04 23:00:59 INFO: Команда ban.mjs успешно добавлена для регистрации.
2024-08-04 23:00:59 INFO: Команда bug.mjs успешно добавлена для регистрации.
2024-08-04 23:00:59 INFO: Команда kick.mjs успешно добавлена для регистрации.
2024-08-04 23:00:59 INFO: Команда mute.mjs успешно добавлена для регистрации.
2024-08-04 23:00:59 INFO: Команда privatevoice.mjs успешно добавлена для регистрации.
2024-08-04 23:00:59 INFO: Команда setlogchannel.mjs успешно добавлена для регистрации.
2024-08-04 23:00:59 INFO: Команда unban.mjs успешно добавлена для регистрации.
2024-08-04 23:00:59 INFO: Команда unmute.mjs успешно добавлена для регистрации.
2024-08-04 23:00:59 INFO: Начинается регистрация (загрузка) слэш-команд.
2024-08-04 23:00:59 INFO: Слэш-команды успешно зарегистрированы.
2024-08-04 23:01:55 INFO: Команда ban.mjs успешно добавлена для регистрации.
2024-08-04 23:01:55 INFO: Команда bug.mjs успешно добавлена для регистрации.
2024-08-04 23:01:55 INFO: Команда kick.mjs успешно добавлена для регистрации.
2024-08-04 23:01:55 INFO: Команда mute.mjs успешно добавлена для регистрации.
2024-08-04 23:01:55 INFO: Команда privatevoice.mjs успешно добавлена для регистрации.
2024-08-04 23:01:55 INFO: Команда setlogchannel.mjs успешно добавлена для регистрации.
2024-08-04 23:01:55 INFO: Команда unban.mjs успешно добавлена для регистрации.
2024-08-04 23:01:55 INFO: Команда unmute.mjs успешно добавлена для регистрации.
2024-08-04 23:01:55 INFO: Начинается регистрация (загрузка) слэш-команд.
2024-08-04 23:01:55 INFO: Слэш-команды успешно зарегистрированы.
2024-08-04 23:08:13 INFO: Команда ban.mjs успешно добавлена для регистрации.
2024-08-04 23:08:13 INFO: Команда bug.mjs успешно добавлена для регистрации.
2024-08-04 23:08:13 INFO: Команда kick.mjs успешно добавлена для регистрации.
2024-08-04 23:08:13 INFO: Команда mute.mjs успешно добавлена для регистрации.
2024-08-04 23:08:13 INFO: Команда privatevoice.mjs успешно добавлена для регистрации.
2024-08-04 23:08:13 WARN: Команда sendRestrictedMessage.mjs пропущена, так как она не содержит обязательные свойства 'data' или 'execute'.
2024-08-04 23:08:13 INFO: Команда setlogchannel.mjs успешно добавлена для регистрации.
2024-08-04 23:08:13 INFO: Команда unban.mjs успешно добавлена для регистрации.
2024-08-04 23:08:13 INFO: Команда unmute.mjs успешно добавлена для регистрации.
2024-08-04 23:08:13 INFO: Начинается регистрация (загрузка) слэш-команд.
2024-08-04 23:08:14 INFO: Слэш-команды успешно зарегистрированы.
2024-08-04 23:15:05 INFO: Команда ban.mjs успешно добавлена для регистрации.
2024-08-04 23:15:05 INFO: Команда bug.mjs успешно добавлена для регистрации.
2024-08-04 23:15:05 INFO: Команда kick.mjs успешно добавлена для регистрации.
2024-08-04 23:15:05 INFO: Команда mute.mjs успешно добавлена для регистрации.
2024-08-04 23:15:05 INFO: Команда privatevoice.mjs успешно добавлена для регистрации.
2024-08-04 23:15:05 WARN: Команда sendRestrictedMessage.mjs пропущена, так как она не содержит обязательные свойства 'data' или 'execute'.
2024-08-04 23:15:05 INFO: Команда setlogchannel.mjs успешно добавлена для регистрации.
2024-08-04 23:15:05 INFO: Команда unban.mjs успешно добавлена для регистрации.
2024-08-04 23:15:05 INFO: Команда unmute.mjs успешно добавлена для регистрации.
2024-08-04 23:15:05 INFO: Начинается регистрация (загрузка) слэш-команд.
2024-08-04 23:15:05 INFO: Слэш-команды успешно зарегистрированы.
2024-08-04 23:17:18 INFO: Команда ban.mjs успешно добавлена для регистрации.
2024-08-04 23:17:18 INFO: Команда bug.mjs успешно добавлена для регистрации.
2024-08-04 23:17:18 INFO: Команда kick.mjs успешно добавлена для регистрации.
2024-08-04 23:17:18 INFO: Команда mute.mjs успешно добавлена для регистрации.
2024-08-04 23:17:18 INFO: Команда privatevoice.mjs успешно добавлена для регистрации.
2024-08-04 23:17:18 WARN: Команда sendRestrictedMessage.mjs пропущена, так как она не содержит обязательные свойства 'data' или 'execute'.
2024-08-04 23:17:18 INFO: Команда setlogchannel.mjs успешно добавлена для регистрации.
2024-08-04 23:17:18 INFO: Команда unban.mjs успешно добавлена для регистрации.
2024-08-04 23:17:18 INFO: Команда unmute.mjs успешно добавлена для регистрации.
2024-08-04 23:17:18 INFO: Начинается регистрация (загрузка) слэш-команд.
2024-08-04 23:17:19 INFO: Слэш-команды успешно зарегистрированы.
2024-08-04 23:22:41 INFO: Команда ban.mjs успешно добавлена для регистрации.
2024-08-04 23:22:41 INFO: Команда bug.mjs успешно добавлена для регистрации.
2024-08-04 23:22:41 INFO: Команда kick.mjs успешно добавлена для регистрации.
2024-08-04 23:22:41 INFO: Команда mute.mjs успешно добавлена для регистрации.
2024-08-04 23:22:41 INFO: Команда privatevoice.mjs успешно добавлена для регистрации.
2024-08-04 23:22:41 WARN: Команда sendRestrictedMessage.mjs пропущена, так как она не содержит обязательные свойства 'data' или 'execute'.
2024-08-04 23:22:41 INFO: Команда setlogchannel.mjs успешно добавлена для регистрации.
2024-08-04 23:22:41 INFO: Команда unban.mjs успешно добавлена для регистрации.
2024-08-04 23:22:41 INFO: Команда unmute.mjs успешно добавлена для регистрации.
2024-08-04 23:22:41 INFO: Начинается регистрация (загрузка) слэш-команд.
2024-08-04 23:22:41 INFO: Слэш-команды успешно зарегистрированы.
2024-08-04 23:25:31 INFO: Команда ban.mjs успешно добавлена для регистрации.
2024-08-04 23:25:31 INFO: Команда bug.mjs успешно добавлена для регистрации.
2024-08-04 23:25:31 INFO: Команда kick.mjs успешно добавлена для регистрации.
2024-08-04 23:25:31 INFO: Команда mute.mjs успешно добавлена для регистрации.
2024-08-04 23:25:31 INFO: Команда privatevoice.mjs успешно добавлена для регистрации.
2024-08-04 23:25:31 WARN: Команда sendRestrictedMessage.mjs пропущена, так как она не содержит обязательные свойства 'data' или 'execute'.
2024-08-04 23:25:31 INFO: Команда setlogchannel.mjs успешно добавлена для регистрации.
2024-08-04 23:25:31 INFO: Команда unban.mjs успешно добавлена для регистрации.
2024-08-04 23:25:31 INFO: Команда unmute.mjs успешно добавлена для регистрации.
2024-08-04 23:25:31 INFO: Начинается регистрация (загрузка) слэш-команд.
2024-08-04 23:25:32 INFO: Слэш-команды успешно зарегистрированы.
2024-08-04 23:27:05 INFO: Команда ban.mjs успешно добавлена для регистрации.
2024-08-04 23:27:05 INFO: Команда bug.mjs успешно добавлена для регистрации.
2024-08-04 23:27:05 INFO: Команда kick.mjs успешно добавлена для регистрации.
2024-08-04 23:27:05 INFO: Команда mute.mjs успешно добавлена для регистрации.
2024-08-04 23:27:05 INFO: Команда privatevoice.mjs успешно добавлена для регистрации.
2024-08-04 23:27:05 WARN: Команда sendRestrictedMessage.mjs пропущена, так как она не содержит обязательные свойства 'data' или 'execute'.
2024-08-04 23:27:05 INFO: Команда setlogchannel.mjs успешно добавлена для регистрации.
2024-08-04 23:27:05 INFO: Команда unban.mjs успешно добавлена для регистрации.
2024-08-04 23:27:05 INFO: Команда unmute.mjs успешно добавлена для регистрации.
2024-08-04 23:27:05 INFO: Начинается регистрация (загрузка) слэш-команд.
2024-08-04 23:27:05 INFO: Слэш-команды успешно зарегистрированы.
2024-08-06 11:48:51 INFO: Команда ban.mjs успешно добавлена для регистрации.
2024-08-06 11:48:51 INFO: Команда bug.mjs успешно добавлена для регистрации.
2024-08-06 11:48:51 INFO: Команда kick.mjs успешно добавлена для регистрации.
2024-08-06 11:48:51 INFO: Команда mute.mjs успешно добавлена для регистрации.
2024-08-06 11:48:51 INFO: Команда privatevoice.mjs успешно добавлена для регистрации.
2024-08-06 11:48:51 WARN: Команда sendRestrictedMessage.mjs пропущена, так как она не содержит обязательные свойства 'data' или 'execute'.
2024-08-06 11:48:51 INFO: Команда setlogchannel.mjs успешно добавлена для регистрации.
2024-08-06 11:48:51 INFO: Команда unban.mjs успешно добавлена для регистрации.
2024-08-06 11:48:51 INFO: Команда unmute.mjs успешно добавлена для регистрации.
2024-08-06 11:48:51 INFO: Начинается регистрация (загрузка) слэш-команд.
2024-08-06 11:48:52 INFO: Слэш-команды успешно зарегистрированы.
2024-08-06 11:52:54 INFO: Команда ban.mjs успешно добавлена для регистрации.
2024-08-06 11:52:54 INFO: Команда bug.mjs успешно добавлена для регистрации.
2024-08-06 11:52:54 INFO: Команда kick.mjs успешно добавлена для регистрации.
2024-08-06 11:52:54 INFO: Команда mute.mjs успешно добавлена для регистрации.
2024-08-06 11:52:54 INFO: Команда privatevoice.mjs успешно добавлена для регистрации.
2024-08-06 11:52:54 WARN: Команда sendRestrictedMessage.mjs пропущена, так как она не содержит обязательные свойства 'data' или 'execute'.
2024-08-06 11:52:54 INFO: Команда setlogchannel.mjs успешно добавлена для регистрации.
2024-08-06 11:52:54 INFO: Команда unban.mjs успешно добавлена для регистрации.
2024-08-06 11:52:54 INFO: Команда unmute.mjs успешно добавлена для регистрации.
2024-08-06 11:52:54 INFO: Начинается регистрация (загрузка) слэш-команд.
2024-08-06 11:52:55 INFO: Слэш-команды успешно зарегистрированы.
2024-08-06 12:01:54 INFO: Команда ban.mjs успешно добавлена для регистрации.
2024-08-06 12:01:54 INFO: Команда bug.mjs успешно добавлена для регистрации.
2024-08-06 12:01:54 INFO: Команда kick.mjs успешно добавлена для регистрации.
2024-08-06 12:01:54 INFO: Команда mute.mjs успешно добавлена для регистрации.
2024-08-06 12:01:54 INFO: Команда privatevoice.mjs успешно добавлена для регистрации.
2024-08-06 12:01:54 WARN: Команда sendRestrictedMessage.mjs пропущена, так как она не содержит обязательные свойства 'data' или 'execute'.
2024-08-06 12:01:54 INFO: Команда setlogchannel.mjs успешно добавлена для регистрации.
2024-08-06 12:01:54 INFO: Команда unban.mjs успешно добавлена для регистрации.
2024-08-06 12:01:54 INFO: Команда unmute.mjs успешно добавлена для регистрации.
2024-08-06 12:01:54 INFO: Начинается регистрация (загрузка) слэш-команд.
2024-08-06 12:01:54 INFO: Слэш-команды успешно зарегистрированы.
2024-08-06 12:09:34 INFO: Команда ban.mjs успешно добавлена для регистрации.
2024-08-06 12:09:34 INFO: Команда bug.mjs успешно добавлена для регистрации.
2024-08-06 12:09:34 INFO: Команда kick.mjs успешно добавлена для регистрации.
2024-08-06 12:09:34 INFO: Команда mute.mjs успешно добавлена для регистрации.
2024-08-06 12:09:34 INFO: Команда privatevoice.mjs успешно добавлена для регистрации.
2024-08-06 12:09:34 WARN: Команда sendRestrictedMessage.mjs пропущена, так как она не содержит обязательные свойства 'data' или 'execute'.
2024-08-06 12:09:34 INFO: Команда setlogchannel.mjs успешно добавлена для регистрации.
2024-08-06 12:09:34 INFO: Команда unban.mjs успешно добавлена для регистрации.
2024-08-06 12:09:34 INFO: Команда unmute.mjs успешно добавлена для регистрации.
2024-08-06 12:09:34 INFO: Начинается регистрация (загрузка) слэш-команд.
2024-08-06 12:09:35 INFO: Слэш-команды успешно зарегистрированы.
2024-08-06 12:14:12 INFO: Команда ban.mjs успешно добавлена для регистрации.
2024-08-06 12:14:12 INFO: Команда bug.mjs успешно добавлена для регистрации.
2024-08-06 12:14:12 INFO: Команда kick.mjs успешно добавлена для регистрации.
2024-08-06 12:14:12 INFO: Команда mute.mjs успешно добавлена для регистрации.
2024-08-06 12:14:12 INFO: Команда privatevoice.mjs успешно добавлена для регистрации.
2024-08-06 12:14:12 WARN: Команда sendRestrictedMessage.mjs пропущена, так как она не содержит обязательные свойства 'data' или 'execute'.
2024-08-06 12:14:12 INFO: Команда setlogchannel.mjs успешно добавлена для регистрации.
2024-08-06 12:14:12 INFO: Команда unban.mjs успешно добавлена для регистрации.
2024-08-06 12:14:12 INFO: Команда unmute.mjs успешно добавлена для регистрации.
2024-08-06 12:14:12 INFO: Начинается регистрация (загрузка) слэш-команд.
2024-08-06 12:14:13 INFO: Слэш-команды успешно зарегистрированы.
2024-08-06 12:17:53 INFO: Команда ban.mjs успешно добавлена для регистрации.
2024-08-06 12:17:53 INFO: Команда bug.mjs успешно добавлена для регистрации.
2024-08-06 12:17:53 INFO: Команда kick.mjs успешно добавлена для регистрации.
2024-08-06 12:17:53 INFO: Команда mute.mjs успешно добавлена для регистрации.
2024-08-06 12:17:53 INFO: Команда privatevoice.mjs успешно добавлена для регистрации.
2024-08-06 12:17:53 WARN: Команда sendRestrictedMessage.mjs пропущена, так как она не содержит обязательные свойства 'data' или 'execute'.
2024-08-06 12:17:53 INFO: Команда setlogchannel.mjs успешно добавлена для регистрации.
2024-08-06 12:17:53 INFO: Команда unban.mjs успешно добавлена для регистрации.
2024-08-06 12:17:53 INFO: Команда unmute.mjs успешно добавлена для регистрации.
2024-08-06 12:17:53 INFO: Начинается регистрация (загрузка) слэш-команд.
2024-08-06 12:17:53 INFO: Слэш-команды успешно зарегистрированы.
2024-08-06 12:21:27 INFO: Команда ban.mjs успешно добавлена для регистрации.
2024-08-06 12:21:27 INFO: Команда bug.mjs успешно добавлена для регистрации.
2024-08-06 12:21:27 INFO: Команда kick.mjs успешно добавлена для регистрации.
2024-08-06 12:21:27 INFO: Команда mute.mjs успешно добавлена для регистрации.
2024-08-06 12:21:27 INFO: Команда privatevoice.mjs успешно добавлена для регистрации.
2024-08-06 12:21:27 WARN: Команда sendRestrictedMessage.mjs пропущена, так как она не содержит обязательные свойства 'data' или 'execute'.
2024-08-06 12:21:27 INFO: Команда setlogchannel.mjs успешно добавлена для регистрации.
2024-08-06 12:21:27 INFO: Команда unban.mjs успешно добавлена для регистрации.
2024-08-06 12:21:27 INFO: Команда unmute.mjs успешно добавлена для регистрации.
2024-08-06 12:21:27 INFO: Начинается регистрация (загрузка) слэш-команд.
2024-08-06 12:21:27 INFO: Слэш-команды успешно зарегистрированы.
2024-08-06 12:24:52 INFO: Команда ban.mjs успешно добавлена для регистрации.
2024-08-06 12:24:52 INFO: Команда bug.mjs успешно добавлена для регистрации.
2024-08-06 12:24:52 INFO: Команда kick.mjs успешно добавлена для регистрации.
2024-08-06 12:24:52 INFO: Команда mute.mjs успешно добавлена для регистрации.
2024-08-06 12:24:52 INFO: Команда privatevoice.mjs успешно добавлена для регистрации.
2024-08-06 12:24:52 WARN: Команда sendRestrictedMessage.mjs пропущена, так как она не содержит обязательные свойства 'data' или 'execute'.
2024-08-06 12:24:52 INFO: Команда setlogchannel.mjs успешно добавлена для регистрации.
2024-08-06 12:24:52 INFO: Команда unban.mjs успешно добавлена для регистрации.
2024-08-06 12:24:52 INFO: Команда unmute.mjs успешно добавлена для регистрации.
2024-08-06 12:24:52 INFO: Начинается регистрация (загрузка) слэш-команд.
2024-08-06 12:24:53 INFO: Слэш-команды успешно зарегистрированы.
2024-08-06 12:26:04 INFO: Команда ban.mjs успешно добавлена для регистрации.
2024-08-06 12:26:04 INFO: Команда bug.mjs успешно добавлена для регистрации.
2024-08-06 12:26:04 INFO: Команда kick.mjs успешно добавлена для регистрации.
2024-08-06 12:26:04 INFO: Команда mute.mjs успешно добавлена для регистрации.
2024-08-06 12:26:04 INFO: Команда privatevoice.mjs успешно добавлена для регистрации.
2024-08-06 12:26:04 WARN: Команда sendRestrictedMessage.mjs пропущена, так как она не содержит обязательные свойства 'data' или 'execute'.
2024-08-06 12:26:04 INFO: Команда setlogchannel.mjs успешно добавлена для регистрации.
2024-08-06 12:26:04 INFO: Команда unban.mjs успешно добавлена для регистрации.
2024-08-06 12:26:04 INFO: Команда unmute.mjs успешно добавлена для регистрации.
2024-08-06 12:26:04 INFO: Начинается регистрация (загрузка) слэш-команд.
2024-08-06 12:26:04 INFO: Слэш-команды успешно зарегистрированы.
2024-08-06 12:28:23 INFO: Команда ban.mjs успешно добавлена для регистрации.
2024-08-06 12:28:23 INFO: Команда bug.mjs успешно добавлена для регистрации.
2024-08-06 12:28:23 INFO: Команда kick.mjs успешно добавлена для регистрации.
2024-08-06 12:28:23 INFO: Команда mute.mjs успешно добавлена для регистрации.
2024-08-06 12:28:23 INFO: Команда privatevoice.mjs успешно добавлена для регистрации.
2024-08-06 12:28:23 WARN: Команда sendRestrictedMessage.mjs пропущена, так как она не содержит обязательные свойства 'data' или 'execute'.
2024-08-06 12:28:23 INFO: Команда setlogchannel.mjs успешно добавлена для регистрации.
2024-08-06 12:28:23 INFO: Команда unban.mjs успешно добавлена для регистрации.
2024-08-06 12:28:23 INFO: Команда unmute.mjs успешно добавлена для регистрации.
2024-08-06 12:28:23 INFO: Начинается регистрация (загрузка) слэш-команд.
2024-08-06 12:28:24 INFO: Слэш-команды успешно зарегистрированы.
2024-08-06 12:30:41 INFO: Команда ban.mjs успешно добавлена для регистрации.
2024-08-06 12:30:41 INFO: Команда bug.mjs успешно добавлена для регистрации.
2024-08-06 12:30:41 INFO: Команда kick.mjs успешно добавлена для регистрации.
2024-08-06 12:30:41 INFO: Команда mute.mjs успешно добавлена для регистрации.
2024-08-06 12:30:41 INFO: Команда privatevoice.mjs успешно добавлена для регистрации.
2024-08-06 12:30:41 WARN: Команда sendRestrictedMessage.mjs пропущена, так как она не содержит обязательные свойства 'data' или 'execute'.
2024-08-06 12:30:41 INFO: Команда setlogchannel.mjs успешно добавлена для регистрации.
2024-08-06 12:30:41 INFO: Команда unban.mjs успешно добавлена для регистрации.
2024-08-06 12:30:41 INFO: Команда unmute.mjs успешно добавлена для регистрации.
2024-08-06 12:30:41 INFO: Начинается регистрация (загрузка) слэш-команд.
2024-08-06 12:30:42 INFO: Слэш-команды успешно зарегистрированы.
2024-08-06 12:34:04 INFO: Команда ban.mjs успешно добавлена для регистрации.
2024-08-06 12:34:04 INFO: Команда bug.mjs успешно добавлена для регистрации.
2024-08-06 12:34:04 INFO: Команда kick.mjs успешно добавлена для регистрации.
2024-08-06 12:34:04 INFO: Команда mute.mjs успешно добавлена для регистрации.
2024-08-06 12:34:04 INFO: Команда privatevoice.mjs успешно добавлена для регистрации.
2024-08-06 12:34:04 WARN: Команда sendRestrictedMessage.mjs пропущена, так как она не содержит обязательные свойства 'data' или 'execute'.
2024-08-06 12:34:04 INFO: Команда setlogchannel.mjs успешно добавлена для регистрации.
2024-08-06 12:34:04 INFO: Команда unban.mjs успешно добавлена для регистрации.
2024-08-06 12:34:04 INFO: Команда unmute.mjs успешно добавлена для регистрации.
2024-08-06 12:34:04 INFO: Начинается регистрация (загрузка) слэш-команд.
2024-08-06 12:34:04 INFO: Слэш-команды успешно зарегистрированы.
2024-08-06 12:38:24 INFO: Команда ban.mjs успешно добавлена для регистрации.
2024-08-06 12:38:24 ERROR: Ошибка при загрузке команды bug.mjs: client is not defined
2024-08-06 12:38:24 INFO: Команда kick.mjs успешно добавлена для регистрации.
2024-08-06 12:38:24 INFO: Команда mute.mjs успешно добавлена для регистрации.
2024-08-06 12:38:24 INFO: Команда privatevoice.mjs успешно добавлена для регистрации.
2024-08-06 12:38:24 WARN: Команда sendRestrictedMessage.mjs пропущена, так как она не содержит обязательные свойства 'data' или 'execute'.
2024-08-06 12:38:24 INFO: Команда setlogchannel.mjs успешно добавлена для регистрации.
2024-08-06 12:38:24 INFO: Команда unban.mjs успешно добавлена для регистрации.
2024-08-06 12:38:24 INFO: Команда unmute.mjs успешно добавлена для регистрации.
2024-08-06 12:38:24 INFO: Начинается регистрация (загрузка) слэш-команд.
2024-08-06 12:38:25 INFO: Слэш-команды успешно зарегистрированы.
2024-08-07 00:16:53 INFO: Команда ban.mjs успешно добавлена для регистрации.
2024-08-07 00:16:53 INFO: Команда bug.mjs успешно добавлена для регистрации.
2024-08-07 00:16:53 INFO: Команда kick.mjs успешно добавлена для регистрации.
2024-08-07 00:16:53 INFO: Команда mute.mjs успешно добавлена для регистрации.
2024-08-07 00:16:53 INFO: Команда privatevoice.mjs успешно добавлена для регистрации.
2024-08-07 00:16:53 WARN: Команда sendRestrictedMessage.mjs пропущена, так как она не содержит обязательные свойства 'data' или 'execute'.
2024-08-07 00:16:53 INFO: Команда setlogchannel.mjs успешно добавлена для регистрации.
2024-08-07 00:16:53 INFO: Команда unban.mjs успешно добавлена для регистрации.
2024-08-07 00:16:53 INFO: Команда unmute.mjs успешно добавлена для регистрации.
2024-08-07 00:16:53 INFO: Начинается регистрация (загрузка) слэш-команд.
2024-08-07 00:16:54 INFO: Слэш-команды успешно зарегистрированы.
